{"timestamp":"2018-02-21 06:51:41","message":"Server Running on PORT 8000","level":"info"}
{"timestamp":"2018-02-21 06:51:41","message":"Server Running on PORT 8000","level":"info"}
{"timestamp":"2018-02-21 06:51:41","message":"Server Running on PORT 8000","level":"info"}
{"timestamp":"2018-02-21 06:51:42","message":"Server Running on PORT 8000","level":"info"}
{"timestamp":"2018-02-21 06:53:21","message":"Subscribe to all topics: yes@test123,alfamart/status/Detik/info,alfamart/status/Illank/info","level":"info"}
{"timestamp":"2018-02-21 06:58:24","message":"Server Running on PORT 8000","level":"info"}
{"timestamp":"2018-02-21 06:58:24","message":"Server Running on PORT 8000","level":"info"}
{"timestamp":"2018-02-21 06:58:24","message":"Server Running on PORT 8000","level":"info"}
{"timestamp":"2018-02-21 06:58:25","message":"Server Running on PORT 8000","level":"info"}
{"timestamp":"2018-02-21 06:58:25","message":"Subscribe to all topics: yes@test123,alfamart/status/Detik/info,alfamart/status/Illank/info","level":"info"}
{"timestamp":"2018-02-21 06:59:55","message":"Server Running on PORT 8000","level":"info"}
{"timestamp":"2018-02-21 06:59:56","message":"Server Running on PORT 8000","level":"info"}
{"timestamp":"2018-02-21 06:59:56","message":"Server Running on PORT 8000","level":"info"}
{"timestamp":"2018-02-21 06:59:56","message":"Server Running on PORT 8000","level":"info"}
{"timestamp":"2018-02-21 06:59:57","message":"Subscribe to all topics: yes@test123,alfamart/status/Detik/info,alfamart/status/Illank/info","level":"info"}
{"timestamp":"2018-02-21 07:00:28","message":"Server Running on PORT 8000","level":"info"}
{"timestamp":"2018-02-21 07:00:29","message":"Server Running on PORT 8000","level":"info"}
{"timestamp":"2018-02-21 07:00:29","message":"Server Running on PORT 8000","level":"info"}
{"timestamp":"2018-02-21 07:00:29","message":"Server Running on PORT 8000","level":"info"}
{"timestamp":"2018-02-21 07:01:04","message":"Server Running on PORT 8000","level":"info"}
{"timestamp":"2018-02-21 07:01:04","message":"Server Running on PORT 8000","level":"info"}
{"timestamp":"2018-02-21 07:01:04","message":"Server Running on PORT 8000","level":"info"}
{"timestamp":"2018-02-21 07:01:04","message":"Server Running on PORT 8000","level":"info"}
{"timestamp":"2018-02-21 07:01:29","message":"Server Running on PORT 8000","level":"info"}
{"timestamp":"2018-02-21 07:01:29","message":"Server Running on PORT 8000","level":"info"}
{"timestamp":"2018-02-21 07:01:29","message":"Server Running on PORT 8000","level":"info"}
{"timestamp":"2018-02-21 07:01:29","message":"Server Running on PORT 8000","level":"info"}
{"timestamp":"2018-02-21 07:02:35","message":"Subscribe to all topics: yes@test123,alfamart/status/Detik/info,alfamart/status/Illank/info","level":"info"}
{"timestamp":"2018-02-21 07:13:15","message":"Server Running on PORT 8000","level":"info"}
{"timestamp":"2018-02-21 07:13:15","message":"Server Running on PORT 8000","level":"info"}
{"timestamp":"2018-02-21 07:13:15","message":"Server Running on PORT 8000","level":"info"}
{"timestamp":"2018-02-21 07:13:15","message":"Server Running on PORT 8000","level":"info"}
{"timestamp":"2018-02-21 07:13:16","message":"Subscribe to all topics: yes@test123,alfamart/status/Detik/info,alfamart/status/Illank/info","level":"info"}
{"timestamp":"2018-02-21 07:27:36","message":"Server Running on PORT 8000","level":"info"}
{"timestamp":"2018-02-21 07:27:36","message":"Server Running on PORT 8000","level":"info"}
{"timestamp":"2018-02-21 07:27:36","message":"Server Running on PORT 8000","level":"info"}
{"timestamp":"2018-02-21 07:27:37","message":"Server Running on PORT 8000","level":"info"}
{"timestamp":"2018-02-21 07:27:37","message":"Subscribe to all topics: yes@test123,alfamart/status/Detik/info,alfamart/status/Illank/info","level":"info"}
{"timestamp":"2018-02-21 07:29:44","message":"Server Running on PORT 8000","level":"info"}
{"timestamp":"2018-02-21 07:29:44","message":"Server Running on PORT 8000","level":"info"}
{"timestamp":"2018-02-21 07:29:44","message":"Server Running on PORT 8000","level":"info"}
{"timestamp":"2018-02-21 07:29:44","message":"Server Running on PORT 8000","level":"info"}
{"timestamp":"2018-02-21 07:29:45","message":"Subscribe to all topics: yes@test123,alfamart/status/Detik/info,alfamart/status/Illank/info","level":"info"}
{"timestamp":"2018-02-21 07:29:54","message":"Server Running on PORT 8000","level":"info"}
{"timestamp":"2018-02-21 07:29:54","message":"Server Running on PORT 8000","level":"info"}
{"timestamp":"2018-02-21 07:29:54","message":"Server Running on PORT 8000","level":"info"}
{"timestamp":"2018-02-21 07:29:54","message":"Server Running on PORT 8000","level":"info"}
{"timestamp":"2018-02-21 07:29:55","message":"Subscribe to all topics: yes@test123,alfamart/status/Detik/info,alfamart/status/Illank/info","level":"info"}
{"timestamp":"2018-02-21 07:30:52","message":"Server Running on PORT 8000","level":"info"}
{"timestamp":"2018-02-21 07:30:52","message":"Server Running on PORT 8000","level":"info"}
{"timestamp":"2018-02-21 07:30:59","message":"Server Running on PORT 8000","level":"info"}
{"timestamp":"2018-02-21 07:30:59","message":"Server Running on PORT 8000","level":"info"}
{"timestamp":"2018-02-21 07:30:59","message":"Server Running on PORT 8000","level":"info"}
{"timestamp":"2018-02-21 07:31:00","message":"Server Running on PORT 8000","level":"info"}
{"timestamp":"2018-02-21 07:31:00","message":"Subscribe to all topics: yes@test123,alfamart/status/Detik/info,alfamart/status/Illank/info","level":"info"}
{"timestamp":"2018-02-21 07:35:26","message":"Server Running on PORT 8000","level":"info"}
{"timestamp":"2018-02-21 07:35:26","message":"Server Running on PORT 8000","level":"info"}
{"timestamp":"2018-02-21 07:35:26","message":"Server Running on PORT 8000","level":"info"}
{"timestamp":"2018-02-21 07:35:26","message":"Server Running on PORT 8000","level":"info"}
{"timestamp":"2018-02-21 07:35:27","message":"Subscribe to all topics: yes@test123,alfamart/status/Detik/info,alfamart/status/Illank/info","level":"info"}
{"timestamp":"2018-02-21 07:36:21","message":"Server Running on PORT 8000","level":"info"}
{"timestamp":"2018-02-21 07:36:21","message":"Server Running on PORT 8000","level":"info"}
{"timestamp":"2018-02-21 07:36:21","message":"Server Running on PORT 8000","level":"info"}
{"timestamp":"2018-02-21 07:36:21","message":"Server Running on PORT 8000","level":"info"}
{"timestamp":"2018-02-21 07:36:45","message":"Server Running on PORT 8000","level":"info"}
{"timestamp":"2018-02-21 07:36:46","message":"Server Running on PORT 8000","level":"info"}
{"timestamp":"2018-02-21 07:36:46","message":"Server Running on PORT 8000","level":"info"}
{"timestamp":"2018-02-21 07:36:46","message":"Server Running on PORT 8000","level":"info"}
{"timestamp":"2018-02-21 07:36:46","message":"Subscribe to all topics: yes@test123,alfamart/status/Detik/info,alfamart/status/Illank/info","level":"info"}
{"timestamp":"2018-02-21 07:38:13","message":"Server Running on PORT 8000","level":"info"}
{"timestamp":"2018-02-21 07:38:13","message":"Server Running on PORT 8000","level":"info"}
{"timestamp":"2018-02-21 07:38:13","message":"Server Running on PORT 8000","level":"info"}
{"timestamp":"2018-02-21 07:38:13","message":"Server Running on PORT 8000","level":"info"}
{"timestamp":"2018-02-21 07:38:14","message":"Subscribe to all topics: yes@test123,alfamart/status/Detik/info,alfamart/status/Illank/info","level":"info"}
{"timestamp":"2018-02-21 07:39:17","message":"Server Running on PORT 8000","level":"info"}
{"timestamp":"2018-02-21 07:39:17","message":"Server Running on PORT 8000","level":"info"}
{"timestamp":"2018-02-21 07:39:18","message":"Server Running on PORT 8000","level":"info"}
{"timestamp":"2018-02-21 07:39:18","message":"Server Running on PORT 8000","level":"info"}
{"timestamp":"2018-02-21 07:39:32","message":"Server Running on PORT 8000","level":"info"}
{"timestamp":"2018-02-21 07:39:33","message":"Server Running on PORT 8000","level":"info"}
{"timestamp":"2018-02-21 07:39:33","message":"Server Running on PORT 8000","level":"info"}
{"timestamp":"2018-02-21 07:39:33","message":"Server Running on PORT 8000","level":"info"}
{"timestamp":"2018-02-21 07:39:33","message":"Subscribe to all topics: yes@test123,alfamart/status/Detik/info,alfamart/status/Illank/info","level":"info"}
{"timestamp":"2018-02-21 07:41:02","message":"Server Running on PORT 8000","level":"info"}
{"timestamp":"2018-02-21 07:41:02","message":"Server Running on PORT 8000","level":"info"}
{"timestamp":"2018-02-21 07:41:02","message":"Server Running on PORT 8000","level":"info"}
{"timestamp":"2018-02-21 07:41:02","message":"Server Running on PORT 8000","level":"info"}
{"timestamp":"2018-02-21 07:41:03","message":"Subscribe to all topics: yes@test123,alfamart/status/Detik/info,alfamart/status/Illank/info","level":"info"}
{"timestamp":"2018-02-21 07:41:18","message":"Server Running on PORT 8000","level":"info"}
{"timestamp":"2018-02-21 07:41:18","message":"Server Running on PORT 8000","level":"info"}
{"timestamp":"2018-02-21 07:41:18","message":"Server Running on PORT 8000","level":"info"}
{"timestamp":"2018-02-21 07:41:18","message":"Server Running on PORT 8000","level":"info"}
{"timestamp":"2018-02-21 07:41:19","message":"Subscribe to all topics: yes@test123,alfamart/status/Detik/info,alfamart/status/Illank/info","level":"info"}
{"timestamp":"2018-02-21 07:41:48","message":"Server Running on PORT 8000","level":"info"}
{"timestamp":"2018-02-21 07:41:48","message":"Server Running on PORT 8000","level":"info"}
{"timestamp":"2018-02-21 07:41:48","message":"Server Running on PORT 8000","level":"info"}
{"timestamp":"2018-02-21 07:41:48","message":"Server Running on PORT 8000","level":"info"}
{"timestamp":"2018-02-21 07:41:48","message":"Subscribe to all topics: yes@test123,alfamart/status/Detik/info,alfamart/status/Illank/info","level":"info"}
{"timestamp":"2018-02-21 07:43:39","message":"Server Running on PORT 8000","level":"info"}
{"timestamp":"2018-02-21 07:43:40","message":"Server Running on PORT 8000","level":"info"}
{"timestamp":"2018-02-21 07:43:40","message":"Server Running on PORT 8000","level":"info"}
{"timestamp":"2018-02-21 07:43:40","message":"Server Running on PORT 8000","level":"info"}
{"timestamp":"2018-02-21 07:43:40","message":"Subscribe to all topics: yes@test123,alfamart/status/Detik/info,alfamart/status/Illank/info","level":"info"}
{"timestamp":"2018-02-21 07:44:12","message":"Server Running on PORT 8000","level":"info"}
{"timestamp":"2018-02-21 07:44:12","message":"Server Running on PORT 8000","level":"info"}
{"timestamp":"2018-02-21 07:44:12","message":"Server Running on PORT 8000","level":"info"}
{"timestamp":"2018-02-21 07:44:12","message":"Server Running on PORT 8000","level":"info"}
{"timestamp":"2018-02-21 07:44:13","message":"Subscribe to all topics: yes@test123,alfamart/status/Detik/info,alfamart/status/Illank/info","level":"info"}
{"timestamp":"2018-02-21 07:44:42","message":"Server Running on PORT 8000","level":"info"}
{"timestamp":"2018-02-21 07:44:42","message":"Server Running on PORT 8000","level":"info"}
{"timestamp":"2018-02-21 07:44:43","message":"Server Running on PORT 8000","level":"info"}
{"timestamp":"2018-02-21 07:44:43","message":"Server Running on PORT 8000","level":"info"}
{"timestamp":"2018-02-21 07:44:43","message":"Subscribe to all topics: yes@test123,alfamart/status/Detik/info,alfamart/status/Illank/info","level":"info"}
{"timestamp":"2018-02-21 07:46:09","message":"Server Running on PORT 8000","level":"info"}
{"timestamp":"2018-02-21 07:46:09","message":"Server Running on PORT 8000","level":"info"}
{"timestamp":"2018-02-21 07:46:09","message":"Server Running on PORT 8000","level":"info"}
{"timestamp":"2018-02-21 07:46:09","message":"Server Running on PORT 8000","level":"info"}
{"timestamp":"2018-02-21 07:46:17","message":"Server Running on PORT 8000","level":"info"}
{"timestamp":"2018-02-21 07:46:17","message":"Server Running on PORT 8000","level":"info"}
{"timestamp":"2018-02-21 07:46:17","message":"Server Running on PORT 8000","level":"info"}
{"timestamp":"2018-02-21 07:46:17","message":"Server Running on PORT 8000","level":"info"}
{"timestamp":"2018-02-21 07:46:17","message":"Subscribe to all topics: yes@test123,alfamart/status/Detik/info,alfamart/status/Illank/info","level":"info"}
{"timestamp":"2018-02-21 07:46:42","message":"Server Running on PORT 8000","level":"info"}
{"timestamp":"2018-02-21 07:46:42","message":"Server Running on PORT 8000","level":"info"}
{"timestamp":"2018-02-21 07:46:42","message":"Server Running on PORT 8000","level":"info"}
{"timestamp":"2018-02-21 07:46:43","message":"Server Running on PORT 8000","level":"info"}
{"timestamp":"2018-02-21 07:47:15","message":"Subscribe to all topics: yes@test123,alfamart/status/Detik/info,alfamart/status/Illank/info","level":"info"}
{"timestamp":"2018-02-21 07:47:23","message":"Server Running on PORT 8000","level":"info"}
{"timestamp":"2018-02-21 07:47:23","message":"Server Running on PORT 8000","level":"info"}
{"timestamp":"2018-02-21 07:47:23","message":"Server Running on PORT 8000","level":"info"}
{"timestamp":"2018-02-21 07:47:23","message":"Server Running on PORT 8000","level":"info"}
{"timestamp":"2018-02-21 07:47:24","message":"Subscribe to all topics: yes@test123,alfamart/status/Detik/info,alfamart/status/Illank/info","level":"info"}
{"timestamp":"2018-02-21 07:48:08","message":"Server Running on PORT 8000","level":"info"}
{"timestamp":"2018-02-21 07:48:08","message":"Server Running on PORT 8000","level":"info"}
{"timestamp":"2018-02-21 07:48:08","message":"Server Running on PORT 8000","level":"info"}
{"timestamp":"2018-02-21 07:48:08","message":"Server Running on PORT 8000","level":"info"}
{"timestamp":"2018-02-21 07:48:09","message":"Subscribe to all topics: yes@test123,alfamart/status/Detik/info,alfamart/status/Illank/info","level":"info"}
{"timestamp":"2018-02-21 07:48:35","message":"Server Running on PORT 8000","level":"info"}
{"timestamp":"2018-02-21 07:48:35","message":"Server Running on PORT 8000","level":"info"}
{"timestamp":"2018-02-21 07:48:35","message":"Server Running on PORT 8000","level":"info"}
{"timestamp":"2018-02-21 07:48:35","message":"Server Running on PORT 8000","level":"info"}
{"timestamp":"2018-02-21 07:48:35","message":"Subscribe to all topics: yes@test123,alfamart/status/Detik/info,alfamart/status/Illank/info","level":"info"}
{"timestamp":"2018-02-21 07:49:00","message":"Server Running on PORT 8000","level":"info"}
{"timestamp":"2018-02-21 07:49:00","message":"Server Running on PORT 8000","level":"info"}
{"timestamp":"2018-02-21 07:49:00","message":"Server Running on PORT 8000","level":"info"}
{"timestamp":"2018-02-21 07:49:00","message":"Server Running on PORT 8000","level":"info"}
{"timestamp":"2018-02-21 07:49:36","message":"Server Running on PORT 8000","level":"info"}
{"timestamp":"2018-02-21 07:49:36","message":"Server Running on PORT 8000","level":"info"}
{"timestamp":"2018-02-21 07:49:36","message":"Server Running on PORT 8000","level":"info"}
{"timestamp":"2018-02-21 07:49:36","message":"Server Running on PORT 8000","level":"info"}
{"timestamp":"2018-02-21 07:50:14","message":"Server Running on PORT 8000","level":"info"}
{"timestamp":"2018-02-21 07:50:14","message":"Server Running on PORT 8000","level":"info"}
{"timestamp":"2018-02-21 07:50:14","message":"Server Running on PORT 8000","level":"info"}
{"timestamp":"2018-02-21 07:50:14","message":"Server Running on PORT 8000","level":"info"}
{"timestamp":"2018-02-21 07:50:15","message":"Subscribe to all topics: yes@test123,alfamart/status/Detik/info,alfamart/status/Illank/info","level":"info"}
{"timestamp":"2018-02-21 07:50:42","message":"Server Running on PORT 8000","level":"info"}
{"timestamp":"2018-02-21 07:50:42","message":"Server Running on PORT 8000","level":"info"}
{"timestamp":"2018-02-21 07:50:43","message":"Server Running on PORT 8000","level":"info"}
{"timestamp":"2018-02-21 07:50:43","message":"Server Running on PORT 8000","level":"info"}
{"timestamp":"2018-02-21 07:50:43","message":"Subscribe to all topics: yes@test123,alfamart/status/Detik/info,alfamart/status/Illank/info","level":"info"}
{"timestamp":"2018-02-21 07:50:55","message":"Query registerUsers has an error: Error: ER_DUP_ENTRY: Duplicate entry 'illank86' for key 'username_UNIQUE'","level":"error"}
{"timestamp":"2018-02-21 07:51:19","message":"Query registerUsers has an error: Error: ER_DUP_ENTRY: Duplicate entry 'illank@yahoo.co.id' for key 'email_UNIQUE'","level":"error"}
{"timestamp":"2018-02-21 07:55:06","message":"Server Running on PORT 8000","level":"info"}
{"timestamp":"2018-02-21 07:55:06","message":"Server Running on PORT 8000","level":"info"}
{"timestamp":"2018-02-21 07:55:06","message":"Server Running on PORT 8000","level":"info"}
{"timestamp":"2018-02-21 07:55:06","message":"Server Running on PORT 8000","level":"info"}
{"timestamp":"2018-02-21 07:55:07","message":"Subscribe to all topics: yes@test123,alfamart/status/Detik/info,alfamart/status/Illank/info","level":"info"}
{"timestamp":"2018-02-21 07:55:36","message":"Query registerUsers has an error: Error: ER_DUP_ENTRY: Duplicate entry 'illank@yahoo.co.id' for key 'email_UNIQUE'","level":"error"}
{"timestamp":"2018-02-21 08:06:20","message":"Server Running on PORT 8000","level":"info"}
{"timestamp":"2018-02-21 08:06:20","message":"Server Running on PORT 8000","level":"info"}
{"timestamp":"2018-02-21 08:06:20","message":"Server Running on PORT 8000","level":"info"}
{"timestamp":"2018-02-21 08:06:20","message":"Server Running on PORT 8000","level":"info"}
{"timestamp":"2018-02-21 08:06:44","message":"Server Running on PORT 8000","level":"info"}
{"timestamp":"2018-02-21 08:06:44","message":"Server Running on PORT 8000","level":"info"}
{"timestamp":"2018-02-21 08:06:44","message":"Server Running on PORT 8000","level":"info"}
{"timestamp":"2018-02-21 08:06:44","message":"Server Running on PORT 8000","level":"info"}
{"timestamp":"2018-02-21 08:06:44","message":"Subscribe to all topics: yes@test123","level":"info"}
{"timestamp":"2018-02-21 08:10:38","message":"Server Running on PORT 8000","level":"info"}
{"timestamp":"2018-02-21 08:10:38","message":"Server Running on PORT 8000","level":"info"}
{"timestamp":"2018-02-21 08:10:38","message":"Server Running on PORT 8000","level":"info"}
{"timestamp":"2018-02-21 08:10:38","message":"Server Running on PORT 8000","level":"info"}
{"timestamp":"2018-02-21 08:10:39","message":"Subscribe to all topics: yes@test123","level":"info"}
{"timestamp":"2018-02-21 08:17:35","message":"Server Running on PORT 8000","level":"info"}
{"timestamp":"2018-02-21 08:17:35","message":"Server Running on PORT 8000","level":"info"}
{"timestamp":"2018-02-21 08:17:35","message":"Server Running on PORT 8000","level":"info"}
{"timestamp":"2018-02-21 08:17:35","message":"Server Running on PORT 8000","level":"info"}
{"timestamp":"2018-02-21 08:17:36","message":"Subscribe to all topics: yes@test123","level":"info"}
{"timestamp":"2018-02-21 08:21:04","message":"Server Running on PORT 8000","level":"info"}
{"timestamp":"2018-02-21 08:21:05","message":"Server Running on PORT 8000","level":"info"}
{"timestamp":"2018-02-21 08:21:05","message":"Server Running on PORT 8000","level":"info"}
{"timestamp":"2018-02-21 08:21:05","message":"Subscribe to all topics: yes@test123","level":"info"}
{"timestamp":"2018-02-21 08:21:06","message":"Server Running on PORT 8000","level":"info"}
{"timestamp":"2018-02-21 08:21:32","message":"Query registerUsers has an error: Error: ER_DATA_TOO_LONG: Data too long for column 'password' at row 1","level":"error"}
{"timestamp":"2018-02-21 08:25:16","message":"Server Running on PORT 8000","level":"info"}
{"timestamp":"2018-02-21 08:25:16","message":"Server Running on PORT 8000","level":"info"}
{"timestamp":"2018-02-21 08:25:16","message":"Server Running on PORT 8000","level":"info"}
{"timestamp":"2018-02-21 08:25:17","message":"Server Running on PORT 8000","level":"info"}
{"timestamp":"2018-02-21 08:25:18","message":"Subscribe to all topics: yes@test123","level":"info"}
{"timestamp":"2018-02-21 08:39:43","message":"Server Running on PORT 8000","level":"info"}
{"timestamp":"2018-02-21 08:39:43","message":"Server Running on PORT 8000","level":"info"}
{"timestamp":"2018-02-21 08:39:43","message":"Server Running on PORT 8000","level":"info"}
{"timestamp":"2018-02-21 08:39:44","message":"Server Running on PORT 8000","level":"info"}
{"timestamp":"2018-02-21 08:40:16","message":"Subscribe to all topics: yes@test123,alfamart/status/Illank/info","level":"info"}
{"timestamp":"2018-02-21 08:46:35","message":"Server Running on PORT 8000","level":"info"}
{"timestamp":"2018-02-21 08:46:35","message":"Server Running on PORT 8000","level":"info"}
{"timestamp":"2018-02-21 08:46:35","message":"Server Running on PORT 8000","level":"info"}
{"timestamp":"2018-02-21 08:46:35","message":"Server Running on PORT 8000","level":"info"}
{"timestamp":"2018-02-21 08:46:36","message":"Subscribe to all topics: yes@test123,alfamart/status/Illank/info","level":"info"}
{"timestamp":"2018-02-21 08:54:05","message":"Server Running on PORT 8000","level":"info"}
{"timestamp":"2018-02-21 08:54:06","message":"Server Running on PORT 8000","level":"info"}
{"timestamp":"2018-02-21 08:54:06","message":"Server Running on PORT 8000","level":"info"}
{"timestamp":"2018-02-21 08:54:07","message":"Server Running on PORT 8000","level":"info"}
{"timestamp":"2018-02-21 08:54:08","message":"Subscribe to all topics: yes@test123,alfamart/status/Illank/info","level":"info"}
{"timestamp":"2018-02-21 08:54:39","message":"Server Running on PORT 8000","level":"info"}
{"timestamp":"2018-02-21 08:54:39","message":"Server Running on PORT 8000","level":"info"}
{"timestamp":"2018-02-21 08:54:39","message":"Server Running on PORT 8000","level":"info"}
{"timestamp":"2018-02-21 08:54:39","message":"Server Running on PORT 8000","level":"info"}
{"timestamp":"2018-02-21 08:55:45","message":"Subscribe to all topics: yes@test123,alfamart/status/Illank/info","level":"info"}
{"timestamp":"2018-02-21 09:05:16","message":"Server Running on PORT 8000","level":"info"}
{"timestamp":"2018-02-21 09:05:16","message":"Server Running on PORT 8000","level":"info"}
{"timestamp":"2018-02-21 09:05:16","message":"Server Running on PORT 8000","level":"info"}
{"timestamp":"2018-02-21 09:05:16","message":"Server Running on PORT 8000","level":"info"}
{"timestamp":"2018-02-21 09:05:16","message":"Subscribe to all topics: yes@test123,alfamart/status/Illank/info","level":"info"}
{"timestamp":"2018-02-21 09:07:34","message":"Server Running on PORT 8000","level":"info"}
{"timestamp":"2018-02-21 09:07:35","message":"Server Running on PORT 8000","level":"info"}
{"timestamp":"2018-02-21 09:07:35","message":"Server Running on PORT 8000","level":"info"}
{"timestamp":"2018-02-21 09:07:35","message":"Server Running on PORT 8000","level":"info"}
{"timestamp":"2018-02-21 09:07:36","message":"Subscribe to all topics: yes@test123,alfamart/status/Illank/info","level":"info"}
{"timestamp":"2018-02-21 09:10:04","message":"Server Running on PORT 8000","level":"info"}
{"timestamp":"2018-02-21 09:10:04","message":"Server Running on PORT 8000","level":"info"}
{"timestamp":"2018-02-21 09:10:04","message":"Server Running on PORT 8000","level":"info"}
{"timestamp":"2018-02-21 09:10:05","message":"Server Running on PORT 8000","level":"info"}
{"timestamp":"2018-02-21 09:10:05","message":"Subscribe to all topics: yes@test123,alfamart/status/Illank/info","level":"info"}
{"timestamp":"2018-02-21 09:11:27","message":"Server Running on PORT 8000","level":"info"}
{"timestamp":"2018-02-21 09:11:27","message":"Server Running on PORT 8000","level":"info"}
{"timestamp":"2018-02-21 09:11:27","message":"Server Running on PORT 8000","level":"info"}
{"timestamp":"2018-02-21 09:11:27","message":"Server Running on PORT 8000","level":"info"}
{"timestamp":"2018-02-21 09:11:28","message":"Subscribe to all topics: yes@test123,alfamart/status/Illank/info","level":"info"}
{"timestamp":"2018-02-21 09:35:10","message":"Server Running on PORT 8000","level":"info"}
{"timestamp":"2018-02-21 09:35:10","message":"Server Running on PORT 8000","level":"info"}
{"timestamp":"2018-02-21 09:35:10","message":"Server Running on PORT 8000","level":"info"}
{"timestamp":"2018-02-21 09:35:10","message":"Server Running on PORT 8000","level":"info"}
{"timestamp":"2018-02-21 09:35:11","message":"Subscribe to all topics: yes@test123,alfamart/status/Illank/info","level":"info"}
{"timestamp":"2018-02-21 09:54:27","message":"Server Running on PORT 8000","level":"info"}
{"timestamp":"2018-02-21 09:54:27","message":"Server Running on PORT 8000","level":"info"}
{"timestamp":"2018-02-21 09:54:27","message":"Server Running on PORT 8000","level":"info"}
{"timestamp":"2018-02-21 09:54:27","message":"Server Running on PORT 8000","level":"info"}
{"timestamp":"2018-02-21 09:54:28","message":"Subscribe to all topics: yes@test123,alfamart/status/Illank/info","level":"info"}
{"timestamp":"2018-02-21 10:00:59","message":"Server Running on PORT 8000","level":"info"}
{"timestamp":"2018-02-21 10:00:59","message":"Server Running on PORT 8000","level":"info"}
{"timestamp":"2018-02-21 10:00:59","message":"Server Running on PORT 8000","level":"info"}
{"timestamp":"2018-02-21 10:00:59","message":"Server Running on PORT 8000","level":"info"}
{"timestamp":"2018-02-21 10:01:02","message":"Subscribe to all topics: yes@test123,alfamart/status/Illank/info","level":"info"}
{"timestamp":"2018-02-21 10:02:11","message":"Server Running on PORT 8000","level":"info"}
{"timestamp":"2018-02-21 10:02:11","message":"Server Running on PORT 8000","level":"info"}
{"timestamp":"2018-02-21 10:02:11","message":"Server Running on PORT 8000","level":"info"}
{"timestamp":"2018-02-21 10:02:11","message":"Server Running on PORT 8000","level":"info"}
{"timestamp":"2018-02-21 10:02:12","message":"Subscribe to all topics: yes@test123,alfamart/status/Illank/info","level":"info"}
{"timestamp":"2018-02-21 10:13:20","message":"Server Running on PORT 8000","level":"info"}
{"timestamp":"2018-02-21 10:13:20","message":"Server Running on PORT 8000","level":"info"}
{"timestamp":"2018-02-21 10:13:20","message":"Server Running on PORT 8000","level":"info"}
{"timestamp":"2018-02-21 10:13:21","message":"Server Running on PORT 8000","level":"info"}
{"timestamp":"2018-02-21 10:13:21","message":"Subscribe to all topics: yes@test123,alfamart/status/Illank/info","level":"info"}
{"timestamp":"2018-02-21 10:16:22","message":"Server Running on PORT 8000","level":"info"}
{"timestamp":"2018-02-21 10:16:23","message":"Server Running on PORT 8000","level":"info"}
{"timestamp":"2018-02-21 10:16:23","message":"Server Running on PORT 8000","level":"info"}
{"timestamp":"2018-02-21 10:16:23","message":"Server Running on PORT 8000","level":"info"}
{"timestamp":"2018-02-21 10:16:24","message":"Subscribe to all topics: yes@test123,alfamart/status/Illank/info","level":"info"}
{"timestamp":"2018-02-21 10:18:06","message":"Server Running on PORT 8000","level":"info"}
{"timestamp":"2018-02-21 10:18:06","message":"Server Running on PORT 8000","level":"info"}
{"timestamp":"2018-02-21 10:18:06","message":"Server Running on PORT 8000","level":"info"}
{"timestamp":"2018-02-21 10:18:07","message":"Server Running on PORT 8000","level":"info"}
{"timestamp":"2018-02-21 10:18:40","message":"Subscribe to all topics: yes@test123,alfamart/status/Illank/info","level":"info"}
{"timestamp":"2018-02-21 10:22:13","message":"Server Running on PORT 8000","level":"info"}
{"timestamp":"2018-02-21 10:22:13","message":"Server Running on PORT 8000","level":"info"}
{"timestamp":"2018-02-21 10:22:13","message":"Server Running on PORT 8000","level":"info"}
{"timestamp":"2018-02-21 10:22:13","message":"Server Running on PORT 8000","level":"info"}
{"timestamp":"2018-02-21 10:22:14","message":"Subscribe to all topics: yes@test123,alfamart/status/Illank/info","level":"info"}
{"timestamp":"2018-02-21 10:25:16","message":"Server Running on PORT 8000","level":"info"}
{"timestamp":"2018-02-21 10:25:16","message":"Server Running on PORT 8000","level":"info"}
{"timestamp":"2018-02-21 10:25:16","message":"Server Running on PORT 8000","level":"info"}
{"timestamp":"2018-02-21 10:25:16","message":"Server Running on PORT 8000","level":"info"}
{"timestamp":"2018-02-21 10:25:52","message":"Server Running on PORT 8000","level":"info"}
{"timestamp":"2018-02-21 10:25:52","message":"Server Running on PORT 8000","level":"info"}
{"timestamp":"2018-02-21 10:25:52","message":"Server Running on PORT 8000","level":"info"}
{"timestamp":"2018-02-21 10:25:53","message":"Server Running on PORT 8000","level":"info"}
{"timestamp":"2018-02-21 10:26:25","message":"Subscribe to all topics: yes@test123,alfamart/status/Illank/info","level":"info"}
{"timestamp":"2018-02-21 10:27:33","message":"Server Running on PORT 8000","level":"info"}
{"timestamp":"2018-02-21 10:27:33","message":"Server Running on PORT 8000","level":"info"}
{"timestamp":"2018-02-21 10:27:34","message":"Server Running on PORT 8000","level":"info"}
{"timestamp":"2018-02-21 10:27:34","message":"Server Running on PORT 8000","level":"info"}
{"timestamp":"2018-02-21 10:29:13","message":"Subscribe to all topics: yes@test123,alfamart/status/Illank/info","level":"info"}
{"timestamp":"2018-02-21 10:30:15","message":"Server Running on PORT 8000","level":"info"}
{"timestamp":"2018-02-21 10:30:15","message":"Server Running on PORT 8000","level":"info"}
{"timestamp":"2018-02-21 10:30:16","message":"Server Running on PORT 8000","level":"info"}
{"timestamp":"2018-02-21 10:30:16","message":"Server Running on PORT 8000","level":"info"}
{"timestamp":"2018-02-21 10:30:49","message":"Subscribe to all topics: yes@test123,alfamart/status/Illank/info","level":"info"}
{"timestamp":"2018-02-21 10:34:09","message":"Server Running on PORT 8000","level":"info"}
{"timestamp":"2018-02-21 10:34:09","message":"Server Running on PORT 8000","level":"info"}
{"timestamp":"2018-02-21 10:34:09","message":"Server Running on PORT 8000","level":"info"}
{"timestamp":"2018-02-21 10:34:09","message":"Server Running on PORT 8000","level":"info"}
{"timestamp":"2018-02-21 10:35:08","message":"Server Running on PORT 8000","level":"info"}
{"timestamp":"2018-02-21 10:35:08","message":"Server Running on PORT 8000","level":"info"}
{"timestamp":"2018-02-21 10:35:08","message":"Server Running on PORT 8000","level":"info"}
{"timestamp":"2018-02-21 10:35:08","message":"Server Running on PORT 8000","level":"info"}
{"timestamp":"2018-02-21 10:36:07","message":"Server Running on PORT 8000","level":"info"}
{"timestamp":"2018-02-21 10:36:07","message":"Server Running on PORT 8000","level":"info"}
{"timestamp":"2018-02-21 10:36:08","message":"Server Running on PORT 8000","level":"info"}
{"timestamp":"2018-02-21 10:36:08","message":"Server Running on PORT 8000","level":"info"}
{"timestamp":"2018-02-21 10:36:08","message":"Subscribe to all topics: yes@test123,alfamart/status/Illank/info","level":"info"}
{"timestamp":"2018-02-21 10:38:50","message":"Server Running on PORT 8000","level":"info"}
{"timestamp":"2018-02-21 10:38:50","message":"Server Running on PORT 8000","level":"info"}
{"timestamp":"2018-02-21 10:38:50","message":"Server Running on PORT 8000","level":"info"}
{"timestamp":"2018-02-21 10:38:50","message":"Server Running on PORT 8000","level":"info"}
{"timestamp":"2018-02-21 10:38:59","message":"Server Running on PORT 8000","level":"info"}
{"timestamp":"2018-02-21 10:39:00","message":"Server Running on PORT 8000","level":"info"}
{"timestamp":"2018-02-21 10:39:07","message":"Server Running on PORT 8000","level":"info"}
{"timestamp":"2018-02-21 10:39:07","message":"Server Running on PORT 8000","level":"info"}
{"timestamp":"2018-02-21 10:39:08","message":"Server Running on PORT 8000","level":"info"}
{"timestamp":"2018-02-21 10:39:08","message":"Server Running on PORT 8000","level":"info"}
{"timestamp":"2018-02-21 10:40:12","message":"Server Running on PORT 8000","level":"info"}
{"timestamp":"2018-02-21 10:40:12","message":"Server Running on PORT 8000","level":"info"}
{"timestamp":"2018-02-21 10:40:12","message":"Server Running on PORT 8000","level":"info"}
{"timestamp":"2018-02-21 10:40:12","message":"Server Running on PORT 8000","level":"info"}
{"timestamp":"2018-02-21 10:40:13","message":"Subscribe to all topics: yes@test123,alfamart/status/Illank/info","level":"info"}
{"timestamp":"2018-02-21 10:40:43","message":"Server Running on PORT 8000","level":"info"}
{"timestamp":"2018-02-21 10:40:43","message":"Server Running on PORT 8000","level":"info"}
{"timestamp":"2018-02-21 10:40:43","message":"Server Running on PORT 8000","level":"info"}
{"timestamp":"2018-02-21 10:40:44","message":"Server Running on PORT 8000","level":"info"}
{"timestamp":"2018-02-21 10:40:44","message":"Subscribe to all topics: yes@test123,alfamart/status/Illank/info","level":"info"}
{"timestamp":"2018-02-21 10:41:17","message":"Server Running on PORT 8000","level":"info"}
{"timestamp":"2018-02-21 10:41:17","message":"Server Running on PORT 8000","level":"info"}
{"timestamp":"2018-02-21 10:41:17","message":"Server Running on PORT 8000","level":"info"}
{"timestamp":"2018-02-21 10:41:18","message":"Server Running on PORT 8000","level":"info"}
{"timestamp":"2018-02-21 10:41:18","message":"Subscribe to all topics: yes@test123,alfamart/status/Illank/info","level":"info"}
{"timestamp":"2018-02-21 10:43:50","message":"Server Running on PORT 8000","level":"info"}
{"timestamp":"2018-02-21 10:43:50","message":"Server Running on PORT 8000","level":"info"}
{"timestamp":"2018-02-21 10:43:51","message":"Server Running on PORT 8000","level":"info"}
{"timestamp":"2018-02-21 10:43:51","message":"Server Running on PORT 8000","level":"info"}
{"timestamp":"2018-02-21 10:44:24","message":"Subscribe to all topics: yes@test123,alfamart/status/Illank/info","level":"info"}
{"timestamp":"2018-02-21 10:44:38","message":"Server Running on PORT 8000","level":"info"}
{"timestamp":"2018-02-21 10:44:38","message":"Server Running on PORT 8000","level":"info"}
{"timestamp":"2018-02-21 10:44:38","message":"Server Running on PORT 8000","level":"info"}
{"timestamp":"2018-02-21 10:44:39","message":"Server Running on PORT 8000","level":"info"}
{"timestamp":"2018-02-21 10:45:27","message":"Server Running on PORT 8000","level":"info"}
{"timestamp":"2018-02-21 10:45:27","message":"Server Running on PORT 8000","level":"info"}
{"timestamp":"2018-02-21 10:45:28","message":"Server Running on PORT 8000","level":"info"}
{"timestamp":"2018-02-21 10:45:28","message":"Server Running on PORT 8000","level":"info"}
{"timestamp":"2018-02-21 10:45:28","message":"Subscribe to all topics: yes@test123,alfamart/status/Illank/info","level":"info"}
{"timestamp":"2018-02-21 10:46:29","message":"Server Running on PORT 8000","level":"info"}
{"timestamp":"2018-02-21 10:46:29","message":"Server Running on PORT 8000","level":"info"}
{"timestamp":"2018-02-21 10:46:29","message":"Server Running on PORT 8000","level":"info"}
{"timestamp":"2018-02-21 10:46:30","message":"Server Running on PORT 8000","level":"info"}
{"timestamp":"2018-02-21 10:46:31","message":"Subscribe to all topics: yes@test123,alfamart/status/Illank/info","level":"info"}
{"timestamp":"2018-02-21 10:47:48","message":"Server Running on PORT 8000","level":"info"}
{"timestamp":"2018-02-21 10:47:48","message":"Server Running on PORT 8000","level":"info"}
{"timestamp":"2018-02-21 10:47:48","message":"Server Running on PORT 8000","level":"info"}
{"timestamp":"2018-02-21 10:47:48","message":"Server Running on PORT 8000","level":"info"}
{"timestamp":"2018-02-21 10:48:41","message":"Server Running on PORT 8000","level":"info"}
{"timestamp":"2018-02-21 10:48:41","message":"Server Running on PORT 8000","level":"info"}
{"timestamp":"2018-02-21 10:48:41","message":"Server Running on PORT 8000","level":"info"}
{"timestamp":"2018-02-21 10:48:41","message":"Server Running on PORT 8000","level":"info"}
{"timestamp":"2018-02-21 10:49:14","message":"Subscribe to all topics: yes@test123,alfamart/status/Illank/info","level":"info"}
{"timestamp":"2018-02-21 10:50:08","message":"Server Running on PORT 8000","level":"info"}
{"timestamp":"2018-02-21 10:50:08","message":"Server Running on PORT 8000","level":"info"}
{"timestamp":"2018-02-21 10:50:08","message":"Server Running on PORT 8000","level":"info"}
{"timestamp":"2018-02-21 10:50:08","message":"Server Running on PORT 8000","level":"info"}
{"timestamp":"2018-02-21 10:50:09","message":"Subscribe to all topics: yes@test123,alfamart/status/Illank/info","level":"info"}
{"timestamp":"2018-02-21 10:50:46","message":"Server Running on PORT 8000","level":"info"}
{"timestamp":"2018-02-21 10:50:46","message":"Server Running on PORT 8000","level":"info"}
{"timestamp":"2018-02-21 10:50:46","message":"Server Running on PORT 8000","level":"info"}
{"timestamp":"2018-02-21 10:50:46","message":"Server Running on PORT 8000","level":"info"}
{"timestamp":"2018-02-21 10:50:47","message":"Subscribe to all topics: yes@test123,alfamart/status/Illank/info","level":"info"}
{"timestamp":"2018-02-21 10:51:31","message":"Server Running on PORT 8000","level":"info"}
{"timestamp":"2018-02-21 10:51:32","message":"Server Running on PORT 8000","level":"info"}
{"timestamp":"2018-02-21 10:51:32","message":"Server Running on PORT 8000","level":"info"}
{"timestamp":"2018-02-21 10:51:32","message":"Server Running on PORT 8000","level":"info"}
{"timestamp":"2018-02-21 10:52:05","message":"Subscribe to all topics: yes@test123,alfamart/status/Illank/info","level":"info"}
{"timestamp":"2018-02-21 10:52:12","message":"Server Running on PORT 8000","level":"info"}
{"timestamp":"2018-02-21 10:52:12","message":"Server Running on PORT 8000","level":"info"}
{"timestamp":"2018-02-21 10:52:12","message":"Server Running on PORT 8000","level":"info"}
{"timestamp":"2018-02-21 10:52:12","message":"Server Running on PORT 8000","level":"info"}
{"timestamp":"2018-02-21 10:52:13","message":"Subscribe to all topics: yes@test123,alfamart/status/Illank/info","level":"info"}
{"timestamp":"2018-02-21 10:55:51","message":"Server Running on PORT 8000","level":"info"}
{"timestamp":"2018-02-21 10:55:51","message":"Server Running on PORT 8000","level":"info"}
{"timestamp":"2018-02-21 10:55:51","message":"Server Running on PORT 8000","level":"info"}
{"timestamp":"2018-02-21 10:55:51","message":"Server Running on PORT 8000","level":"info"}
{"timestamp":"2018-02-21 10:55:52","message":"Subscribe to all topics: yes@test123,alfamart/status/Illank/info","level":"info"}
{"timestamp":"2018-02-21 10:56:13","message":"Server Running on PORT 8000","level":"info"}
{"timestamp":"2018-02-21 10:56:13","message":"Server Running on PORT 8000","level":"info"}
{"timestamp":"2018-02-21 10:56:14","message":"Server Running on PORT 8000","level":"info"}
{"timestamp":"2018-02-21 10:56:14","message":"Server Running on PORT 8000","level":"info"}
{"timestamp":"2018-02-21 10:56:14","message":"Subscribe to all topics: yes@test123,alfamart/status/Illank/info","level":"info"}
{"timestamp":"2018-02-21 10:57:38","message":"Server Running on PORT 8000","level":"info"}
{"timestamp":"2018-02-21 10:57:38","message":"Server Running on PORT 8000","level":"info"}
{"timestamp":"2018-02-21 10:57:38","message":"Server Running on PORT 8000","level":"info"}
{"timestamp":"2018-02-21 10:57:38","message":"Server Running on PORT 8000","level":"info"}
{"timestamp":"2018-02-21 10:57:38","message":"Subscribe to all topics: yes@test123,alfamart/status/Illank/info","level":"info"}
{"timestamp":"2018-02-21 10:58:45","message":"Server Running on PORT 8000","level":"info"}
{"timestamp":"2018-02-21 10:58:45","message":"Server Running on PORT 8000","level":"info"}
{"timestamp":"2018-02-21 10:58:45","message":"Server Running on PORT 8000","level":"info"}
{"timestamp":"2018-02-21 10:58:45","message":"Server Running on PORT 8000","level":"info"}
{"timestamp":"2018-02-21 10:58:46","message":"Subscribe to all topics: yes@test123,alfamart/status/Illank/info","level":"info"}
{"timestamp":"2018-02-21 10:59:34","message":"Server Running on PORT 8000","level":"info"}
{"timestamp":"2018-02-21 10:59:34","message":"Server Running on PORT 8000","level":"info"}
{"timestamp":"2018-02-21 10:59:34","message":"Server Running on PORT 8000","level":"info"}
{"timestamp":"2018-02-21 10:59:34","message":"Server Running on PORT 8000","level":"info"}
{"timestamp":"2018-02-21 10:59:34","message":"Subscribe to all topics: yes@test123,alfamart/status/Illank/info","level":"info"}
{"timestamp":"2018-02-21 11:03:07","message":"Server Running on PORT 8000","level":"info"}
{"timestamp":"2018-02-21 11:03:07","message":"Server Running on PORT 8000","level":"info"}
{"timestamp":"2018-02-21 11:03:07","message":"Server Running on PORT 8000","level":"info"}
{"timestamp":"2018-02-21 11:03:07","message":"Server Running on PORT 8000","level":"info"}
{"timestamp":"2018-02-21 11:03:39","message":"Subscribe to all topics: yes@test123,alfamart/status/Illank/info","level":"info"}
{"timestamp":"2018-02-21 11:03:56","message":"Server Running on PORT 8000","level":"info"}
{"timestamp":"2018-02-21 11:03:56","message":"Server Running on PORT 8000","level":"info"}
{"timestamp":"2018-02-21 11:03:56","message":"Server Running on PORT 8000","level":"info"}
{"timestamp":"2018-02-21 11:03:57","message":"Server Running on PORT 8000","level":"info"}
{"timestamp":"2018-02-21 11:04:30","message":"Subscribe to all topics: yes@test123,alfamart/status/Illank/info","level":"info"}
{"timestamp":"2018-02-21 11:05:28","message":"Server Running on PORT 8000","level":"info"}
{"timestamp":"2018-02-21 11:05:34","message":"Server Running on PORT 8000","level":"info"}
{"timestamp":"2018-02-21 11:05:34","message":"Server Running on PORT 8000","level":"info"}
{"timestamp":"2018-02-21 11:05:35","message":"Server Running on PORT 8000","level":"info"}
{"timestamp":"2018-02-21 11:05:35","message":"Server Running on PORT 8000","level":"info"}
{"timestamp":"2018-02-21 11:05:35","message":"Subscribe to all topics: yes@test123,alfamart/status/Illank/info","level":"info"}
{"timestamp":"2018-02-21 11:06:52","message":"Server Running on PORT 8000","level":"info"}
{"timestamp":"2018-02-21 11:06:53","message":"Server Running on PORT 8000","level":"info"}
{"timestamp":"2018-02-21 11:06:53","message":"Server Running on PORT 8000","level":"info"}
{"timestamp":"2018-02-21 11:06:53","message":"Server Running on PORT 8000","level":"info"}
{"timestamp":"2018-02-21 11:06:53","message":"Subscribe to all topics: yes@test123,alfamart/status/Illank/info","level":"info"}
{"timestamp":"2018-02-21 11:08:24","message":"Server Running on PORT 8000","level":"info"}
{"timestamp":"2018-02-21 11:08:24","message":"Server Running on PORT 8000","level":"info"}
{"timestamp":"2018-02-21 11:08:24","message":"Server Running on PORT 8000","level":"info"}
{"timestamp":"2018-02-21 11:08:24","message":"Server Running on PORT 8000","level":"info"}
{"timestamp":"2018-02-21 11:08:57","message":"Subscribe to all topics: yes@test123,alfamart/status/Illank/info","level":"info"}
{"timestamp":"2018-02-21 11:10:09","message":"Server Running on PORT 8000","level":"info"}
{"timestamp":"2018-02-21 11:10:09","message":"Server Running on PORT 8000","level":"info"}
{"timestamp":"2018-02-21 11:10:09","message":"Server Running on PORT 8000","level":"info"}
{"timestamp":"2018-02-21 11:10:09","message":"Server Running on PORT 8000","level":"info"}
{"timestamp":"2018-02-21 11:10:36","message":"Server Running on PORT 8000","level":"info"}
{"timestamp":"2018-02-21 11:10:36","message":"Server Running on PORT 8000","level":"info"}
{"timestamp":"2018-02-21 11:10:36","message":"Server Running on PORT 8000","level":"info"}
{"timestamp":"2018-02-21 11:10:36","message":"Server Running on PORT 8000","level":"info"}
{"timestamp":"2018-02-21 11:10:36","message":"Subscribe to all topics: yes@test123,alfamart/status/Illank/info","level":"info"}
{"timestamp":"2018-02-21 11:11:51","message":"Server Running on PORT 8000","level":"info"}
{"timestamp":"2018-02-21 11:11:51","message":"Server Running on PORT 8000","level":"info"}
{"timestamp":"2018-02-21 11:11:51","message":"Server Running on PORT 8000","level":"info"}
{"timestamp":"2018-02-21 11:11:51","message":"Server Running on PORT 8000","level":"info"}
{"timestamp":"2018-02-21 11:11:52","message":"Subscribe to all topics: yes@test123,alfamart/status/Illank/info","level":"info"}
{"timestamp":"2018-02-21 11:12:16","message":"Server Running on PORT 8000","level":"info"}
{"timestamp":"2018-02-21 11:12:16","message":"Server Running on PORT 8000","level":"info"}
{"timestamp":"2018-02-21 11:12:16","message":"Server Running on PORT 8000","level":"info"}
{"timestamp":"2018-02-21 11:12:16","message":"Server Running on PORT 8000","level":"info"}
{"timestamp":"2018-02-21 11:12:17","message":"Subscribe to all topics: yes@test123,alfamart/status/Illank/info","level":"info"}
{"timestamp":"2018-02-21 11:12:28","message":"Server Running on PORT 8000","level":"info"}
{"timestamp":"2018-02-21 11:12:29","message":"Server Running on PORT 8000","level":"info"}
{"timestamp":"2018-02-21 11:12:29","message":"Server Running on PORT 8000","level":"info"}
{"timestamp":"2018-02-21 11:12:29","message":"Server Running on PORT 8000","level":"info"}
{"timestamp":"2018-02-21 11:13:02","message":"Subscribe to all topics: yes@test123,alfamart/status/Illank/info","level":"info"}
{"timestamp":"2018-02-21 11:13:35","message":"Server Running on PORT 8000","level":"info"}
{"timestamp":"2018-02-21 11:13:35","message":"Server Running on PORT 8000","level":"info"}
{"timestamp":"2018-02-21 11:13:35","message":"Server Running on PORT 8000","level":"info"}
{"timestamp":"2018-02-21 11:13:35","message":"Server Running on PORT 8000","level":"info"}
{"timestamp":"2018-02-21 11:13:36","message":"Subscribe to all topics: yes@test123,alfamart/status/Illank/info","level":"info"}
{"timestamp":"2018-02-21 11:14:35","message":"Server Running on PORT 8000","level":"info"}
{"timestamp":"2018-02-21 11:14:35","message":"Server Running on PORT 8000","level":"info"}
{"timestamp":"2018-02-21 11:14:35","message":"Server Running on PORT 8000","level":"info"}
{"timestamp":"2018-02-21 11:14:35","message":"Server Running on PORT 8000","level":"info"}
{"timestamp":"2018-02-21 11:15:08","message":"Subscribe to all topics: yes@test123,alfamart/status/Illank/info","level":"info"}
{"timestamp":"2018-02-21 11:19:38","message":"Server Running on PORT 8000","level":"info"}
{"timestamp":"2018-02-21 11:19:38","message":"Server Running on PORT 8000","level":"info"}
{"timestamp":"2018-02-21 11:19:38","message":"Server Running on PORT 8000","level":"info"}
{"timestamp":"2018-02-21 11:19:38","message":"Server Running on PORT 8000","level":"info"}
{"timestamp":"2018-02-21 11:19:39","message":"Subscribe to all topics: yes@test123,alfamart/status/Illank/info","level":"info"}
{"timestamp":"2018-02-21 11:22:38","message":"Server Running on PORT 8000","level":"info"}
{"timestamp":"2018-02-21 11:22:38","message":"Server Running on PORT 8000","level":"info"}
{"timestamp":"2018-02-21 11:22:38","message":"Server Running on PORT 8000","level":"info"}
{"timestamp":"2018-02-21 11:22:38","message":"Server Running on PORT 8000","level":"info"}
{"timestamp":"2018-02-21 11:22:51","message":"Server Running on PORT 8000","level":"info"}
{"timestamp":"2018-02-21 11:22:51","message":"Server Running on PORT 8000","level":"info"}
{"timestamp":"2018-02-21 11:22:51","message":"Server Running on PORT 8000","level":"info"}
{"timestamp":"2018-02-21 11:22:51","message":"Server Running on PORT 8000","level":"info"}
{"timestamp":"2018-02-21 11:23:53","message":"Server Running on PORT 8000","level":"info"}
{"timestamp":"2018-02-21 11:23:53","message":"Server Running on PORT 8000","level":"info"}
{"timestamp":"2018-02-21 11:23:53","message":"Server Running on PORT 8000","level":"info"}
{"timestamp":"2018-02-21 11:23:53","message":"Server Running on PORT 8000","level":"info"}
{"timestamp":"2018-02-21 11:23:54","message":"Subscribe to all topics: yes@test123,alfamart/status/Illank/info","level":"info"}
{"timestamp":"2018-02-21 11:28:03","message":"Server Running on PORT 8000","level":"info"}
{"timestamp":"2018-02-21 11:28:03","message":"Server Running on PORT 8000","level":"info"}
{"timestamp":"2018-02-21 11:28:03","message":"Server Running on PORT 8000","level":"info"}
{"timestamp":"2018-02-21 11:28:04","message":"Server Running on PORT 8000","level":"info"}
{"timestamp":"2018-02-21 11:28:36","message":"Subscribe to all topics: yes@test123,alfamart/status/Illank/info","level":"info"}
{"timestamp":"2018-02-21 11:28:57","message":"Server Running on PORT 8000","level":"info"}
{"timestamp":"2018-02-21 11:28:57","message":"Server Running on PORT 8000","level":"info"}
{"timestamp":"2018-02-21 11:28:57","message":"Server Running on PORT 8000","level":"info"}
{"timestamp":"2018-02-21 11:28:58","message":"Server Running on PORT 8000","level":"info"}
{"timestamp":"2018-02-21 11:28:59","message":"Subscribe to all topics: yes@test123,alfamart/status/Illank/info","level":"info"}
{"timestamp":"2018-02-21 11:32:45","message":"Server Running on PORT 8000","level":"info"}
{"timestamp":"2018-02-21 11:32:45","message":"Server Running on PORT 8000","level":"info"}
{"timestamp":"2018-02-21 11:32:45","message":"Server Running on PORT 8000","level":"info"}
{"timestamp":"2018-02-21 11:32:46","message":"Server Running on PORT 8000","level":"info"}
{"timestamp":"2018-02-21 11:32:46","message":"Subscribe to all topics: yes@test123,alfamart/status/Illank/info","level":"info"}
{"timestamp":"2018-02-21 11:37:17","message":"Server Running on PORT 8000","level":"info"}
{"timestamp":"2018-02-21 11:37:17","message":"Server Running on PORT 8000","level":"info"}
{"timestamp":"2018-02-21 11:37:17","message":"Server Running on PORT 8000","level":"info"}
{"timestamp":"2018-02-21 11:37:17","message":"Server Running on PORT 8000","level":"info"}
{"timestamp":"2018-02-21 11:37:18","message":"Subscribe to all topics: yes@test123,alfamart/status/Illank/info","level":"info"}
{"timestamp":"2018-02-21 11:38:18","message":"Server Running on PORT 8000","level":"info"}
{"timestamp":"2018-02-21 11:38:18","message":"Server Running on PORT 8000","level":"info"}
{"timestamp":"2018-02-21 11:38:18","message":"Server Running on PORT 8000","level":"info"}
{"timestamp":"2018-02-21 11:38:18","message":"Server Running on PORT 8000","level":"info"}
{"timestamp":"2018-02-21 11:38:19","message":"Subscribe to all topics: yes@test123,alfamart/status/Illank/info","level":"info"}
{"timestamp":"2018-02-21 11:38:44","message":"Server Running on PORT 8000","level":"info"}
{"timestamp":"2018-02-21 11:38:45","message":"Server Running on PORT 8000","level":"info"}
{"timestamp":"2018-02-21 11:38:45","message":"Server Running on PORT 8000","level":"info"}
{"timestamp":"2018-02-21 11:38:45","message":"Server Running on PORT 8000","level":"info"}
{"timestamp":"2018-02-21 11:38:45","message":"Subscribe to all topics: yes@test123,alfamart/status/Illank/info","level":"info"}
{"timestamp":"2018-02-21 11:41:13","message":"Server Running on PORT 8000","level":"info"}
{"timestamp":"2018-02-21 11:41:13","message":"Server Running on PORT 8000","level":"info"}
{"timestamp":"2018-02-21 11:41:13","message":"Server Running on PORT 8000","level":"info"}
{"timestamp":"2018-02-21 11:41:13","message":"Server Running on PORT 8000","level":"info"}
{"timestamp":"2018-02-21 11:41:14","message":"Subscribe to all topics: yes@test123,alfamart/status/Illank/info","level":"info"}
{"timestamp":"2018-02-21 11:42:14","message":"Server Running on PORT 8000","level":"info"}
{"timestamp":"2018-02-21 11:42:14","message":"Server Running on PORT 8000","level":"info"}
{"timestamp":"2018-02-21 11:42:14","message":"Server Running on PORT 8000","level":"info"}
{"timestamp":"2018-02-21 11:42:14","message":"Server Running on PORT 8000","level":"info"}
{"timestamp":"2018-02-21 11:42:15","message":"Subscribe to all topics: yes@test123,alfamart/status/Illank/info","level":"info"}
{"timestamp":"2018-02-21 11:53:47","message":"Server Running on PORT 8000","level":"info"}
{"timestamp":"2018-02-21 11:53:47","message":"Server Running on PORT 8000","level":"info"}
{"timestamp":"2018-02-21 11:53:47","message":"Server Running on PORT 8000","level":"info"}
{"timestamp":"2018-02-21 11:53:47","message":"Server Running on PORT 8000","level":"info"}
{"timestamp":"2018-02-21 11:53:47","message":"Subscribe to all topics: yes@test123,alfamart/status/Illank/info","level":"info"}
{"timestamp":"2018-02-21 11:56:07","message":"Server Running on PORT 8000","level":"info"}
{"timestamp":"2018-02-21 11:56:07","message":"Server Running on PORT 8000","level":"info"}
{"timestamp":"2018-02-21 11:56:07","message":"Server Running on PORT 8000","level":"info"}
{"timestamp":"2018-02-21 11:56:08","message":"Server Running on PORT 8000","level":"info"}
{"timestamp":"2018-02-21 11:56:27","message":"Server Running on PORT 8000","level":"info"}
{"timestamp":"2018-02-21 11:56:28","message":"Server Running on PORT 8000","level":"info"}
{"timestamp":"2018-02-21 11:56:28","message":"Server Running on PORT 8000","level":"info"}
{"timestamp":"2018-02-21 11:56:29","message":"Server Running on PORT 8000","level":"info"}
{"timestamp":"2018-02-21 11:56:39","message":"Server Running on PORT 8000","level":"info"}
{"timestamp":"2018-02-21 11:56:40","message":"Server Running on PORT 8000","level":"info"}
{"timestamp":"2018-02-21 11:56:40","message":"Server Running on PORT 8000","level":"info"}
{"timestamp":"2018-02-21 11:56:41","message":"Subscribe to all topics: yes@test123,alfamart/status/Illank/info","level":"info"}
{"timestamp":"2018-02-21 11:56:41","message":"Server Running on PORT 8000","level":"info"}
{"timestamp":"2018-02-21 12:01:29","message":"Server Running on PORT 8000","level":"info"}
{"timestamp":"2018-02-21 12:01:29","message":"Server Running on PORT 8000","level":"info"}
{"timestamp":"2018-02-21 12:01:29","message":"Server Running on PORT 8000","level":"info"}
{"timestamp":"2018-02-21 12:01:29","message":"Server Running on PORT 8000","level":"info"}
{"timestamp":"2018-02-21 12:01:30","message":"Subscribe to all topics: yes@test123,alfamart/status/Illank/info","level":"info"}
{"timestamp":"2018-02-21 12:02:11","message":"Server Running on PORT 8000","level":"info"}
{"timestamp":"2018-02-21 12:02:11","message":"Server Running on PORT 8000","level":"info"}
{"timestamp":"2018-02-21 12:02:11","message":"Server Running on PORT 8000","level":"info"}
{"timestamp":"2018-02-21 12:02:11","message":"Server Running on PORT 8000","level":"info"}
{"timestamp":"2018-02-21 12:02:12","message":"Subscribe to all topics: yes@test123,alfamart/status/Illank/info","level":"info"}
{"timestamp":"2018-02-21 12:03:43","message":"Server Running on PORT 8000","level":"info"}
{"timestamp":"2018-02-21 12:03:43","message":"Server Running on PORT 8000","level":"info"}
{"timestamp":"2018-02-21 12:03:44","message":"Server Running on PORT 8000","level":"info"}
{"timestamp":"2018-02-21 12:03:44","message":"Server Running on PORT 8000","level":"info"}
{"timestamp":"2018-02-21 12:03:44","message":"Subscribe to all topics: yes@test123,alfamart/status/Illank/info","level":"info"}
{"timestamp":"2018-02-21 12:05:54","message":"Server Running on PORT 8000","level":"info"}
{"timestamp":"2018-02-21 12:05:54","message":"Server Running on PORT 8000","level":"info"}
{"timestamp":"2018-02-21 12:05:54","message":"Server Running on PORT 8000","level":"info"}
{"timestamp":"2018-02-21 12:05:54","message":"Server Running on PORT 8000","level":"info"}
{"timestamp":"2018-02-21 12:05:55","message":"Subscribe to all topics: yes@test123,alfamart/status/Illank/info","level":"info"}
{"timestamp":"2018-02-21 12:07:37","message":"Server Running on PORT 8000","level":"info"}
{"timestamp":"2018-02-21 12:07:37","message":"Server Running on PORT 8000","level":"info"}
{"timestamp":"2018-02-21 12:07:37","message":"Server Running on PORT 8000","level":"info"}
{"timestamp":"2018-02-21 12:07:37","message":"Server Running on PORT 8000","level":"info"}
{"timestamp":"2018-02-21 12:07:38","message":"Subscribe to all topics: yes@test123,alfamart/status/Illank/info","level":"info"}
{"timestamp":"2018-02-21 12:13:21","message":"Server Running on PORT 8000","level":"info"}
{"timestamp":"2018-02-21 12:13:21","message":"Server Running on PORT 8000","level":"info"}
{"timestamp":"2018-02-21 12:13:21","message":"Server Running on PORT 8000","level":"info"}
{"timestamp":"2018-02-21 12:13:21","message":"Server Running on PORT 8000","level":"info"}
{"timestamp":"2018-02-21 12:13:22","message":"Subscribe to all topics: yes@test123,alfamart/status/Illank/info","level":"info"}
{"timestamp":"2018-02-21 12:14:13","message":"Server Running on PORT 8000","level":"info"}
{"timestamp":"2018-02-21 12:14:13","message":"Server Running on PORT 8000","level":"info"}
{"timestamp":"2018-02-21 12:14:14","message":"Server Running on PORT 8000","level":"info"}
{"timestamp":"2018-02-21 12:14:14","message":"Server Running on PORT 8000","level":"info"}
{"timestamp":"2018-02-21 12:14:14","message":"Subscribe to all topics: yes@test123,alfamart/status/Illank/info","level":"info"}
{"timestamp":"2018-02-21 12:17:00","message":"Server Running on PORT 8000","level":"info"}
{"timestamp":"2018-02-21 12:17:00","message":"Server Running on PORT 8000","level":"info"}
{"timestamp":"2018-02-21 12:17:00","message":"Server Running on PORT 8000","level":"info"}
{"timestamp":"2018-02-21 12:17:00","message":"Server Running on PORT 8000","level":"info"}
{"timestamp":"2018-02-21 12:17:33","message":"Subscribe to all topics: yes@test123,alfamart/status/Illank/info","level":"info"}
{"timestamp":"2018-02-21 12:19:54","message":"Server Running on PORT 8000","level":"info"}
{"timestamp":"2018-02-21 12:19:54","message":"Server Running on PORT 8000","level":"info"}
{"timestamp":"2018-02-21 12:19:54","message":"Server Running on PORT 8000","level":"info"}
{"timestamp":"2018-02-21 12:19:54","message":"Server Running on PORT 8000","level":"info"}
{"timestamp":"2018-02-21 12:19:54","message":"Subscribe to all topics: yes@test123,alfamart/status/Illank/info","level":"info"}
{"timestamp":"2018-02-21 12:21:06","message":"Server Running on PORT 8000","level":"info"}
{"timestamp":"2018-02-21 12:21:06","message":"Server Running on PORT 8000","level":"info"}
{"timestamp":"2018-02-21 12:21:06","message":"Server Running on PORT 8000","level":"info"}
{"timestamp":"2018-02-21 12:21:06","message":"Server Running on PORT 8000","level":"info"}
{"timestamp":"2018-02-21 12:21:07","message":"Subscribe to all topics: yes@test123,alfamart/status/Illank/info","level":"info"}
{"timestamp":"2018-02-21 12:21:20","message":"Server Running on PORT 8000","level":"info"}
{"timestamp":"2018-02-21 12:21:20","message":"Server Running on PORT 8000","level":"info"}
{"timestamp":"2018-02-21 12:21:20","message":"Server Running on PORT 8000","level":"info"}
{"timestamp":"2018-02-21 12:21:20","message":"Server Running on PORT 8000","level":"info"}
{"timestamp":"2018-02-21 12:21:20","message":"Subscribe to all topics: yes@test123,alfamart/status/Illank/info","level":"info"}
{"timestamp":"2018-02-21 12:27:30","message":"Server Running on PORT 8000","level":"info"}
{"timestamp":"2018-02-21 12:27:30","message":"Server Running on PORT 8000","level":"info"}
{"timestamp":"2018-02-21 12:27:30","message":"Server Running on PORT 8000","level":"info"}
{"timestamp":"2018-02-21 12:27:30","message":"Server Running on PORT 8000","level":"info"}
{"timestamp":"2018-02-21 12:27:31","message":"Subscribe to all topics: yes@test123,alfamart/status/Illank/info","level":"info"}
{"timestamp":"2018-02-21 12:29:21","message":"Server Running on PORT 8000","level":"info"}
{"timestamp":"2018-02-21 12:29:21","message":"Server Running on PORT 8000","level":"info"}
{"timestamp":"2018-02-21 12:29:22","message":"Server Running on PORT 8000","level":"info"}
{"timestamp":"2018-02-21 12:29:22","message":"Server Running on PORT 8000","level":"info"}
{"timestamp":"2018-02-21 12:29:22","message":"Subscribe to all topics: yes@test123,alfamart/status/Illank/info","level":"info"}
{"timestamp":"2018-02-21 12:30:32","message":"Server Running on PORT 8000","level":"info"}
{"timestamp":"2018-02-21 12:30:32","message":"Server Running on PORT 8000","level":"info"}
{"timestamp":"2018-02-21 12:30:32","message":"Server Running on PORT 8000","level":"info"}
{"timestamp":"2018-02-21 12:30:32","message":"Server Running on PORT 8000","level":"info"}
{"timestamp":"2018-02-21 12:30:33","message":"Subscribe to all topics: yes@test123,alfamart/status/Illank/info","level":"info"}
{"timestamp":"2018-02-21 12:31:14","message":"Server Running on PORT 8000","level":"info"}
{"timestamp":"2018-02-21 12:31:14","message":"Server Running on PORT 8000","level":"info"}
{"timestamp":"2018-02-21 12:31:14","message":"Server Running on PORT 8000","level":"info"}
{"timestamp":"2018-02-21 12:31:14","message":"Server Running on PORT 8000","level":"info"}
{"timestamp":"2018-02-21 12:31:15","message":"Subscribe to all topics: yes@test123,alfamart/status/Illank/info","level":"info"}
{"timestamp":"2018-02-21 12:31:48","message":"Server Running on PORT 8000","level":"info"}
{"timestamp":"2018-02-21 12:31:48","message":"Server Running on PORT 8000","level":"info"}
{"timestamp":"2018-02-21 12:31:48","message":"Server Running on PORT 8000","level":"info"}
{"timestamp":"2018-02-21 12:31:48","message":"Subscribe to all topics: yes@test123,alfamart/status/Illank/info","level":"info"}
{"timestamp":"2018-02-21 12:31:48","message":"Server Running on PORT 8000","level":"info"}
{"timestamp":"2018-02-21 12:33:30","message":"Server Running on PORT 8000","level":"info"}
{"timestamp":"2018-02-21 12:33:30","message":"Server Running on PORT 8000","level":"info"}
{"timestamp":"2018-02-21 12:33:30","message":"Server Running on PORT 8000","level":"info"}
{"timestamp":"2018-02-21 12:33:30","message":"Server Running on PORT 8000","level":"info"}
{"timestamp":"2018-02-21 12:33:55","message":"Server Running on PORT 8000","level":"info"}
{"timestamp":"2018-02-21 12:33:55","message":"Server Running on PORT 8000","level":"info"}
{"timestamp":"2018-02-21 12:33:55","message":"Server Running on PORT 8000","level":"info"}
{"timestamp":"2018-02-21 12:33:55","message":"Server Running on PORT 8000","level":"info"}
{"timestamp":"2018-02-21 12:34:09","message":"Server Running on PORT 8000","level":"info"}
{"timestamp":"2018-02-21 12:34:09","message":"Server Running on PORT 8000","level":"info"}
{"timestamp":"2018-02-21 12:34:10","message":"Server Running on PORT 8000","level":"info"}
{"timestamp":"2018-02-21 12:34:10","message":"Server Running on PORT 8000","level":"info"}
{"timestamp":"2018-02-21 12:34:19","message":"Server Running on PORT 8000","level":"info"}
{"timestamp":"2018-02-21 12:34:19","message":"Server Running on PORT 8000","level":"info"}
{"timestamp":"2018-02-21 12:34:19","message":"Server Running on PORT 8000","level":"info"}
{"timestamp":"2018-02-21 12:34:19","message":"Server Running on PORT 8000","level":"info"}
{"timestamp":"2018-02-21 12:34:20","message":"Subscribe to all topics: yes@test123,alfamart/status/Illank/info","level":"info"}
{"timestamp":"2018-02-21 12:34:57","message":"Server Running on PORT 8000","level":"info"}
{"timestamp":"2018-02-21 12:34:57","message":"Server Running on PORT 8000","level":"info"}
{"timestamp":"2018-02-21 12:34:57","message":"Server Running on PORT 8000","level":"info"}
{"timestamp":"2018-02-21 12:34:57","message":"Server Running on PORT 8000","level":"info"}
{"timestamp":"2018-02-21 12:34:58","message":"Subscribe to all topics: yes@test123,alfamart/status/Illank/info","level":"info"}
{"timestamp":"2018-02-21 12:36:55","message":"Server Running on PORT 8000","level":"info"}
{"timestamp":"2018-02-21 12:36:55","message":"Server Running on PORT 8000","level":"info"}
{"timestamp":"2018-02-21 12:36:55","message":"Server Running on PORT 8000","level":"info"}
{"timestamp":"2018-02-21 12:36:55","message":"Server Running on PORT 8000","level":"info"}
{"timestamp":"2018-02-21 12:36:56","message":"Subscribe to all topics: yes@test123,alfamart/status/Illank/info","level":"info"}
{"timestamp":"2018-02-21 12:38:11","message":"Server Running on PORT 8000","level":"info"}
{"timestamp":"2018-02-21 12:38:11","message":"Server Running on PORT 8000","level":"info"}
{"timestamp":"2018-02-21 12:38:11","message":"Server Running on PORT 8000","level":"info"}
{"timestamp":"2018-02-21 12:38:11","message":"Server Running on PORT 8000","level":"info"}
{"timestamp":"2018-02-21 12:38:12","message":"Subscribe to all topics: yes@test123,alfamart/status/Illank/info","level":"info"}
{"timestamp":"2018-02-21 12:39:07","message":"Server Running on PORT 8000","level":"info"}
{"timestamp":"2018-02-21 12:39:07","message":"Server Running on PORT 8000","level":"info"}
{"timestamp":"2018-02-21 12:39:07","message":"Server Running on PORT 8000","level":"info"}
{"timestamp":"2018-02-21 12:39:07","message":"Server Running on PORT 8000","level":"info"}
{"timestamp":"2018-02-21 12:39:09","message":"Subscribe to all topics: yes@test123,alfamart/status/Illank/info","level":"info"}
{"timestamp":"2018-02-21 12:40:40","message":"Server Running on PORT 8000","level":"info"}
{"timestamp":"2018-02-21 12:40:40","message":"Server Running on PORT 8000","level":"info"}
{"timestamp":"2018-02-21 12:40:40","message":"Server Running on PORT 8000","level":"info"}
{"timestamp":"2018-02-21 12:40:40","message":"Server Running on PORT 8000","level":"info"}
{"timestamp":"2018-02-21 12:43:48","message":"Server Running on PORT 8000","level":"info"}
{"timestamp":"2018-02-21 12:43:48","message":"Server Running on PORT 8000","level":"info"}
{"timestamp":"2018-02-21 12:43:48","message":"Server Running on PORT 8000","level":"info"}
{"timestamp":"2018-02-21 12:43:49","message":"Server Running on PORT 8000","level":"info"}
{"timestamp":"2018-02-21 12:43:49","message":"Subscribe to all topics: yes@test123,alfamart/status/Illank/info","level":"info"}
{"timestamp":"2018-02-21 12:47:10","message":"Server Running on PORT 8000","level":"info"}
{"timestamp":"2018-02-21 12:47:10","message":"Server Running on PORT 8000","level":"info"}
{"timestamp":"2018-02-21 12:47:10","message":"Server Running on PORT 8000","level":"info"}
{"timestamp":"2018-02-21 12:47:10","message":"Server Running on PORT 8000","level":"info"}
{"timestamp":"2018-02-21 12:47:11","message":"Subscribe to all topics: yes@test123,alfamart/status/Illank/info","level":"info"}
{"timestamp":"2018-02-21 12:47:18","code":"ER_DUP_ENTRY","errno":1062,"sqlMessage":"Duplicate entry 'illank@yahoo.com' for key 'email_UNIQUE'","sqlState":"23000","index":0,"sql":"INSERT INTO users ( username, password, email, name ) VALUES ('illank86761','$2a$10$ZQe6KJVKgsHJq/eYzi0LxuNq1/mZKTcT.H1S1wtbi1Cpi3wvrsaEK','illank@yahoo.com','sssss')","level":"error"}
{"timestamp":"2018-02-21 12:48:19","message":"Server Running on PORT 8000","level":"info"}
{"timestamp":"2018-02-21 12:48:19","message":"Server Running on PORT 8000","level":"info"}
{"timestamp":"2018-02-21 12:48:19","message":"Server Running on PORT 8000","level":"info"}
{"timestamp":"2018-02-21 12:48:19","message":"Server Running on PORT 8000","level":"info"}
{"timestamp":"2018-02-21 12:48:26","code":"ER_DUP_ENTRY","errno":1062,"sqlMessage":"Duplicate entry 'illank@yahoo.com' for key 'email_UNIQUE'","sqlState":"23000","index":0,"sql":"INSERT INTO users ( username, password, email, name ) VALUES ('illank86761','$2a$10$JKQLQ9gA00dJTGNwtbyvy.9jU6a8oDGs02JGg7OCPIO1Lo0KQSPSe','illank@yahoo.com','sssss')","level":"error"}
{"timestamp":"2018-02-21 12:48:52","message":"Subscribe to all topics: yes@test123,alfamart/status/Illank/info","level":"info"}
{"timestamp":"2018-02-21 12:49:28","message":"Server Running on PORT 8000","level":"info"}
{"timestamp":"2018-02-21 12:49:28","message":"Server Running on PORT 8000","level":"info"}
{"timestamp":"2018-02-21 12:49:28","message":"Server Running on PORT 8000","level":"info"}
{"timestamp":"2018-02-21 12:49:28","message":"Server Running on PORT 8000","level":"info"}
{"timestamp":"2018-02-21 12:49:44","code":"ER_DUP_ENTRY","errno":1062,"sqlMessage":"Duplicate entry 'illank@yahoo.com' for key 'email_UNIQUE'","sqlState":"23000","index":0,"sql":"INSERT INTO users ( username, password, email, name ) VALUES ('illank86761','$2a$10$nhUBHr8eYJwVysPbIwXXmuhKlBrPauzs.a06EEjHTpztncSHV9XuG','illank@yahoo.com','sssss')","level":"error"}
{"timestamp":"2018-02-21 12:50:01","message":"Subscribe to all topics: yes@test123,alfamart/status/Illank/info","level":"info"}
{"timestamp":"2018-02-21 12:52:00","message":"Server Running on PORT 8000","level":"info"}
{"timestamp":"2018-02-21 12:52:00","message":"Server Running on PORT 8000","level":"info"}
{"timestamp":"2018-02-21 12:52:00","message":"Server Running on PORT 8000","level":"info"}
{"timestamp":"2018-02-21 12:52:00","message":"Server Running on PORT 8000","level":"info"}
{"timestamp":"2018-02-21 12:52:25","message":"Server Running on PORT 8000","level":"info"}
{"timestamp":"2018-02-21 12:52:25","message":"Server Running on PORT 8000","level":"info"}
{"timestamp":"2018-02-21 12:52:25","message":"Server Running on PORT 8000","level":"info"}
{"timestamp":"2018-02-21 12:52:25","message":"Server Running on PORT 8000","level":"info"}
{"timestamp":"2018-02-21 12:52:25","message":"Subscribe to all topics: yes@test123,alfamart/status/Illank/info","level":"info"}
{"timestamp":"2018-02-21 12:54:29","message":"Server Running on PORT 8000","level":"info"}
{"timestamp":"2018-02-21 12:54:29","message":"Server Running on PORT 8000","level":"info"}
{"timestamp":"2018-02-21 12:54:29","message":"Server Running on PORT 8000","level":"info"}
{"timestamp":"2018-02-21 12:54:29","message":"Server Running on PORT 8000","level":"info"}
{"timestamp":"2018-02-21 12:54:30","message":"Subscribe to all topics: yes@test123,alfamart/status/Illank/info","level":"info"}
{"timestamp":"2018-02-21 12:55:34","message":"Server Running on PORT 8000","level":"info"}
{"timestamp":"2018-02-21 12:55:34","message":"Server Running on PORT 8000","level":"info"}
{"timestamp":"2018-02-21 12:55:34","message":"Server Running on PORT 8000","level":"info"}
{"timestamp":"2018-02-21 12:55:34","message":"Server Running on PORT 8000","level":"info"}
{"timestamp":"2018-02-21 12:55:35","message":"Subscribe to all topics: yes@test123,alfamart/status/Illank/info","level":"info"}
{"timestamp":"2018-02-21 12:56:44","message":"Server Running on PORT 8000","level":"info"}
{"timestamp":"2018-02-21 12:56:44","message":"Server Running on PORT 8000","level":"info"}
{"timestamp":"2018-02-21 12:56:45","message":"Server Running on PORT 8000","level":"info"}
{"timestamp":"2018-02-21 12:56:45","message":"Server Running on PORT 8000","level":"info"}
{"timestamp":"2018-02-21 12:57:20","message":"Server Running on PORT 8000","level":"info"}
{"timestamp":"2018-02-21 12:57:21","message":"Server Running on PORT 8000","level":"info"}
{"timestamp":"2018-02-21 12:57:21","message":"Server Running on PORT 8000","level":"info"}
{"timestamp":"2018-02-21 12:57:21","message":"Server Running on PORT 8000","level":"info"}
{"timestamp":"2018-02-21 12:57:21","message":"Subscribe to all topics: yes@test123,alfamart/status/Illank/info","level":"info"}
{"timestamp":"2018-02-21 12:58:47","message":"Server Running on PORT 8000","level":"info"}
{"timestamp":"2018-02-21 12:58:47","message":"Server Running on PORT 8000","level":"info"}
{"timestamp":"2018-02-21 12:58:47","message":"Server Running on PORT 8000","level":"info"}
{"timestamp":"2018-02-21 12:58:47","message":"Server Running on PORT 8000","level":"info"}
{"timestamp":"2018-02-21 12:59:21","message":"Subscribe to all topics: yes@test123,alfamart/status/Illank/info","level":"info"}
{"timestamp":"2018-02-21 12:59:35","message":"Server Running on PORT 8000","level":"info"}
{"timestamp":"2018-02-21 12:59:35","message":"Server Running on PORT 8000","level":"info"}
{"timestamp":"2018-02-21 12:59:35","message":"Server Running on PORT 8000","level":"info"}
{"timestamp":"2018-02-21 12:59:35","message":"Server Running on PORT 8000","level":"info"}
{"timestamp":"2018-02-21 12:59:36","message":"Subscribe to all topics: yes@test123,alfamart/status/Illank/info","level":"info"}
{"timestamp":"2018-02-21 13:00:22","message":"Server Running on PORT 8000","level":"info"}
{"timestamp":"2018-02-21 13:00:22","message":"Server Running on PORT 8000","level":"info"}
{"timestamp":"2018-02-21 13:00:22","message":"Server Running on PORT 8000","level":"info"}
{"timestamp":"2018-02-21 13:00:23","message":"Server Running on PORT 8000","level":"info"}
{"timestamp":"2018-02-21 13:00:55","message":"Subscribe to all topics: yes@test123,alfamart/status/Illank/info","level":"info"}
{"timestamp":"2018-02-21 13:01:02","message":"Server Running on PORT 8000","level":"info"}
{"timestamp":"2018-02-21 13:01:02","message":"Server Running on PORT 8000","level":"info"}
{"timestamp":"2018-02-21 13:01:02","message":"Server Running on PORT 8000","level":"info"}
{"timestamp":"2018-02-21 13:01:02","message":"Server Running on PORT 8000","level":"info"}
{"timestamp":"2018-02-21 13:01:03","message":"Subscribe to all topics: yes@test123,alfamart/status/Illank/info","level":"info"}
{"timestamp":"2018-02-21 13:01:35","message":"Server Running on PORT 8000","level":"info"}
{"timestamp":"2018-02-21 13:01:36","message":"Server Running on PORT 8000","level":"info"}
{"timestamp":"2018-02-21 13:01:36","message":"Server Running on PORT 8000","level":"info"}
{"timestamp":"2018-02-21 13:01:36","message":"Server Running on PORT 8000","level":"info"}
{"timestamp":"2018-02-21 13:02:12","message":"Server Running on PORT 8000","level":"info"}
{"timestamp":"2018-02-21 13:02:12","message":"Server Running on PORT 8000","level":"info"}
{"timestamp":"2018-02-21 13:02:12","message":"Server Running on PORT 8000","level":"info"}
{"timestamp":"2018-02-21 13:02:12","message":"Server Running on PORT 8000","level":"info"}
{"timestamp":"2018-02-21 13:02:13","message":"Subscribe to all topics: yes@test123,alfamart/status/Illank/info","level":"info"}
{"timestamp":"2018-02-21 13:04:41","message":"Server Running on PORT 8000","level":"info"}
{"timestamp":"2018-02-21 13:04:41","message":"Server Running on PORT 8000","level":"info"}
{"timestamp":"2018-02-21 13:04:41","message":"Server Running on PORT 8000","level":"info"}
{"timestamp":"2018-02-21 13:04:42","message":"Server Running on PORT 8000","level":"info"}
{"timestamp":"2018-02-21 13:04:42","message":"Subscribe to all topics: yes@test123,alfamart/status/Illank/info","level":"info"}
{"timestamp":"2018-02-21 13:10:03","message":"Server Running on PORT 8000","level":"info"}
{"timestamp":"2018-02-21 13:10:03","message":"Server Running on PORT 8000","level":"info"}
{"timestamp":"2018-02-21 13:10:03","message":"Server Running on PORT 8000","level":"info"}
{"timestamp":"2018-02-21 13:10:03","message":"Server Running on PORT 8000","level":"info"}
{"timestamp":"2018-02-21 13:10:04","message":"Subscribe to all topics: yes@test123,alfamart/status/Illank/info","level":"info"}
{"timestamp":"2018-02-21 13:10:34","message":"Server Running on PORT 8000","level":"info"}
{"timestamp":"2018-02-21 13:10:34","message":"Server Running on PORT 8000","level":"info"}
{"timestamp":"2018-02-21 13:10:34","message":"Server Running on PORT 8000","level":"info"}
{"timestamp":"2018-02-21 13:10:35","message":"Server Running on PORT 8000","level":"info"}
{"timestamp":"2018-02-21 13:10:35","message":"Subscribe to all topics: yes@test123,alfamart/status/Illank/info","level":"info"}
{"timestamp":"2018-02-21 13:11:22","message":"Server Running on PORT 8000","level":"info"}
{"timestamp":"2018-02-21 13:11:22","message":"Server Running on PORT 8000","level":"info"}
{"timestamp":"2018-02-21 13:11:23","message":"Server Running on PORT 8000","level":"info"}
{"timestamp":"2018-02-21 13:11:23","message":"Server Running on PORT 8000","level":"info"}
{"timestamp":"2018-02-21 13:11:23","message":"Subscribe to all topics: yes@test123,alfamart/status/Illank/info","level":"info"}
{"timestamp":"2018-02-21 13:59:10","message":"Server Running on PORT 8000","level":"info"}
{"timestamp":"2018-02-21 13:59:10","message":"Server Running on PORT 8000","level":"info"}
{"timestamp":"2018-02-21 13:59:10","message":"Subscribe to all topics: yes@test123,alfamart/status/Illank/info","level":"info"}
{"timestamp":"2018-02-21 13:59:11","message":"Server Running on PORT 8000","level":"info"}
{"timestamp":"2018-02-21 13:59:11","message":"Server Running on PORT 8000","level":"info"}
{"timestamp":"2018-02-21 14:08:37","message":"Server Running on PORT 8000","level":"info"}
{"timestamp":"2018-02-21 14:08:37","message":"Server Running on PORT 8000","level":"info"}
{"timestamp":"2018-02-21 14:08:37","message":"Server Running on PORT 8000","level":"info"}
{"timestamp":"2018-02-21 14:08:37","message":"Server Running on PORT 8000","level":"info"}
{"timestamp":"2018-02-21 14:08:38","message":"Subscribe to all topics: yes@test123,alfamart/status/Illank/info","level":"info"}
{"timestamp":"2018-02-21 14:18:33","message":"Server Running on PORT 8000","level":"info"}
{"timestamp":"2018-02-21 14:18:33","message":"Server Running on PORT 8000","level":"info"}
{"timestamp":"2018-02-21 14:18:33","message":"Server Running on PORT 8000","level":"info"}
{"timestamp":"2018-02-21 14:18:44","message":"Server Running on PORT 8000","level":"info"}
{"timestamp":"2018-02-21 14:19:07","message":"Subscribe to all topics: yes@test123,alfamart/status/Illank/info","level":"info"}
{"timestamp":"2018-02-21 14:24:59","message":"Server Running on PORT 8000","level":"info"}
{"timestamp":"2018-02-21 14:24:59","message":"Server Running on PORT 8000","level":"info"}
{"timestamp":"2018-02-21 14:24:59","message":"Server Running on PORT 8000","level":"info"}
{"timestamp":"2018-02-21 14:24:59","message":"Server Running on PORT 8000","level":"info"}
{"timestamp":"2018-02-21 14:25:00","message":"Subscribe to all topics: yes@test123,alfamart/status/Illank/info","level":"info"}
{"timestamp":"2018-02-21 14:30:35","message":"Server Running on PORT 8000","level":"info"}
{"timestamp":"2018-02-21 14:30:35","message":"Server Running on PORT 8000","level":"info"}
{"timestamp":"2018-02-21 14:30:35","message":"Server Running on PORT 8000","level":"info"}
{"timestamp":"2018-02-21 14:30:35","message":"Server Running on PORT 8000","level":"info"}
{"timestamp":"2018-02-21 14:31:33","message":"Server Running on PORT 8000","level":"info"}
{"timestamp":"2018-02-21 14:31:33","message":"Server Running on PORT 8000","level":"info"}
{"timestamp":"2018-02-21 14:31:33","message":"Server Running on PORT 8000","level":"info"}
{"timestamp":"2018-02-21 14:31:33","message":"Server Running on PORT 8000","level":"info"}
{"timestamp":"2018-02-21 14:31:57","message":"Server Running on PORT 8000","level":"info"}
{"timestamp":"2018-02-21 14:31:57","message":"Server Running on PORT 8000","level":"info"}
{"timestamp":"2018-02-21 14:31:57","message":"Server Running on PORT 8000","level":"info"}
{"timestamp":"2018-02-21 14:31:58","message":"Server Running on PORT 8000","level":"info"}
{"timestamp":"2018-02-21 14:31:58","message":"Subscribe to all topics: yes@test123,alfamart/status/Illank/info","level":"info"}
{"timestamp":"2018-02-21 14:32:46","message":"Server Running on PORT 8000","level":"info"}
{"timestamp":"2018-02-21 14:32:46","message":"Server Running on PORT 8000","level":"info"}
{"timestamp":"2018-02-21 14:32:47","message":"Server Running on PORT 8000","level":"info"}
{"timestamp":"2018-02-21 14:32:47","message":"Server Running on PORT 8000","level":"info"}
{"timestamp":"2018-02-21 14:33:24","message":"Server Running on PORT 8000","level":"info"}
{"timestamp":"2018-02-21 14:33:24","message":"Server Running on PORT 8000","level":"info"}
{"timestamp":"2018-02-21 14:33:24","message":"Server Running on PORT 8000","level":"info"}
{"timestamp":"2018-02-21 14:33:24","message":"Server Running on PORT 8000","level":"info"}
{"timestamp":"2018-02-21 14:33:57","message":"Subscribe to all topics: yes@test123,alfamart/status/Illank/info","level":"info"}
{"timestamp":"2018-02-21 14:34:05","message":"Server Running on PORT 8000","level":"info"}
{"timestamp":"2018-02-21 14:34:05","message":"Server Running on PORT 8000","level":"info"}
{"timestamp":"2018-02-21 14:34:05","message":"Server Running on PORT 8000","level":"info"}
{"timestamp":"2018-02-21 14:34:05","message":"Server Running on PORT 8000","level":"info"}
{"timestamp":"2018-02-21 14:34:06","message":"Subscribe to all topics: yes@test123,alfamart/status/Illank/info","level":"info"}
{"timestamp":"2018-02-21 14:39:18","message":"Server Running on PORT 8000","level":"info"}
{"timestamp":"2018-02-21 14:39:18","message":"Server Running on PORT 8000","level":"info"}
{"timestamp":"2018-02-21 14:39:18","message":"Server Running on PORT 8000","level":"info"}
{"timestamp":"2018-02-21 14:39:19","message":"Server Running on PORT 8000","level":"info"}
{"timestamp":"2018-02-21 14:39:39","message":"Server Running on PORT 8000","level":"info"}
{"timestamp":"2018-02-21 14:39:40","message":"Server Running on PORT 8000","level":"info"}
{"timestamp":"2018-02-21 14:39:40","message":"Server Running on PORT 8000","level":"info"}
{"timestamp":"2018-02-21 14:39:40","message":"Subscribe to all topics: yes@test123,alfamart/status/Illank/info","level":"info"}
{"timestamp":"2018-02-21 14:39:40","message":"Server Running on PORT 8000","level":"info"}
{"timestamp":"2018-02-21 14:40:50","message":"Server Running on PORT 8000","level":"info"}
{"timestamp":"2018-02-21 14:40:51","message":"Server Running on PORT 8000","level":"info"}
{"timestamp":"2018-02-21 14:40:51","message":"Server Running on PORT 8000","level":"info"}
{"timestamp":"2018-02-21 14:40:51","message":"Server Running on PORT 8000","level":"info"}
{"timestamp":"2018-02-21 14:40:51","message":"Subscribe to all topics: yes@test123,alfamart/status/Illank/info","level":"info"}
{"timestamp":"2018-02-21 14:42:11","message":"Server Running on PORT 8000","level":"info"}
{"timestamp":"2018-02-21 14:42:12","message":"Server Running on PORT 8000","level":"info"}
{"timestamp":"2018-02-21 14:42:12","message":"Server Running on PORT 8000","level":"info"}
{"timestamp":"2018-02-21 14:42:12","message":"Server Running on PORT 8000","level":"info"}
{"timestamp":"2018-02-21 14:42:44","message":"Subscribe to all topics: yes@test123,alfamart/status/Illank/info","level":"info"}
{"timestamp":"2018-02-21 14:44:10","message":"Server Running on PORT 8000","level":"info"}
{"timestamp":"2018-02-21 14:44:10","message":"Server Running on PORT 8000","level":"info"}
{"timestamp":"2018-02-21 14:44:10","message":"Server Running on PORT 8000","level":"info"}
{"timestamp":"2018-02-21 14:44:10","message":"Server Running on PORT 8000","level":"info"}
{"timestamp":"2018-02-21 14:44:10","message":"Subscribe to all topics: yes@test123,alfamart/status/Illank/info","level":"info"}
{"timestamp":"2018-02-21 14:45:27","message":"Server Running on PORT 8000","level":"info"}
{"timestamp":"2018-02-21 14:45:27","message":"Server Running on PORT 8000","level":"info"}
{"timestamp":"2018-02-21 14:45:27","message":"Server Running on PORT 8000","level":"info"}
{"timestamp":"2018-02-21 14:45:27","message":"Server Running on PORT 8000","level":"info"}
{"timestamp":"2018-02-21 14:45:28","message":"Subscribe to all topics: yes@test123,alfamart/status/Illank/info","level":"info"}
{"timestamp":"2018-02-21 14:45:48","message":"Server Running on PORT 8000","level":"info"}
{"timestamp":"2018-02-21 14:45:49","message":"Server Running on PORT 8000","level":"info"}
{"timestamp":"2018-02-21 14:45:49","message":"Server Running on PORT 8000","level":"info"}
{"timestamp":"2018-02-21 14:45:49","message":"Server Running on PORT 8000","level":"info"}
{"timestamp":"2018-02-21 14:45:50","message":"Subscribe to all topics: yes@test123,alfamart/status/Illank/info","level":"info"}
{"timestamp":"2018-02-21 14:51:45","message":"Server Running on PORT 8000","level":"info"}
{"timestamp":"2018-02-21 14:51:45","message":"Server Running on PORT 8000","level":"info"}
{"timestamp":"2018-02-21 14:51:45","message":"Server Running on PORT 8000","level":"info"}
{"timestamp":"2018-02-21 14:51:45","message":"Server Running on PORT 8000","level":"info"}
{"timestamp":"2018-02-21 14:52:17","message":"Subscribe to all topics: yes@test123,alfamart/status/Illank/info","level":"info"}
{"timestamp":"2018-02-21 14:55:10","message":"Query addStore function has an error: Error: ER_DUP_ENTRY: Duplicate entry 'anu' for key 'topic_UNIQUE'","level":"error"}
{"timestamp":"2018-02-21 14:55:17","message":"Query addStore function has an error: Error: ER_DUP_ENTRY: Duplicate entry 'anu' for key 'topic_UNIQUE'","level":"error"}
{"timestamp":"2018-02-21 14:58:22","message":"Server Running on PORT 8000","level":"info"}
{"timestamp":"2018-02-21 14:58:23","message":"Server Running on PORT 8000","level":"info"}
{"timestamp":"2018-02-21 14:58:23","message":"Server Running on PORT 8000","level":"info"}
{"timestamp":"2018-02-21 14:58:23","message":"Server Running on PORT 8000","level":"info"}
{"timestamp":"2018-02-21 14:59:29","message":"Subscribe to all topics: yes@test123,alfamart/status/null/info,alfamart/status/null/info,alfamart/status/null/info,alfamart/status/anu/info,alfamart/status/Illank/info","level":"info"}
{"timestamp":"2018-02-21 15:03:26","message":"Server Running on PORT 8000","level":"info"}
{"timestamp":"2018-02-21 15:03:26","message":"Server Running on PORT 8000","level":"info"}
{"timestamp":"2018-02-21 15:03:26","message":"Server Running on PORT 8000","level":"info"}
{"timestamp":"2018-02-21 15:03:26","message":"Server Running on PORT 8000","level":"info"}
{"timestamp":"2018-02-21 15:03:27","message":"Subscribe to all topics: yes@test123,alfamart/status/null/info,alfamart/status/null/info,alfamart/status/null/info,alfamart/status/anu/info,alfamart/status/Illank/info","level":"info"}
{"timestamp":"2018-02-21 15:04:29","message":"Server Running on PORT 8000","level":"info"}
{"timestamp":"2018-02-21 15:04:29","message":"Server Running on PORT 8000","level":"info"}
{"timestamp":"2018-02-21 15:04:29","message":"Server Running on PORT 8000","level":"info"}
{"timestamp":"2018-02-21 15:04:29","message":"Server Running on PORT 8000","level":"info"}
{"timestamp":"2018-02-21 15:04:30","message":"Subscribe to all topics: yes@test123,alfamart/status/null/info,alfamart/status/null/info,alfamart/status/null/info,alfamart/status/anu/info,alfamart/status/Illank/info","level":"info"}
{"timestamp":"2018-02-21 15:05:55","message":"Server Running on PORT 8000","level":"info"}
{"timestamp":"2018-02-21 15:05:55","message":"Server Running on PORT 8000","level":"info"}
{"timestamp":"2018-02-21 15:05:55","message":"Server Running on PORT 8000","level":"info"}
{"timestamp":"2018-02-21 15:05:55","message":"Server Running on PORT 8000","level":"info"}
{"timestamp":"2018-02-21 15:05:56","message":"Subscribe to all topics: yes@test123,alfamart/status/null/info,alfamart/status/null/info,alfamart/status/null/info,alfamart/status/anu/info,alfamart/status/Illank/info","level":"info"}
{"timestamp":"2018-02-21 15:06:20","message":"Server Running on PORT 8000","level":"info"}
{"timestamp":"2018-02-21 15:06:20","message":"Server Running on PORT 8000","level":"info"}
{"timestamp":"2018-02-21 15:06:20","message":"Server Running on PORT 8000","level":"info"}
{"timestamp":"2018-02-21 15:06:21","message":"Server Running on PORT 8000","level":"info"}
{"timestamp":"2018-02-21 15:06:53","message":"Subscribe to all topics: yes@test123,alfamart/status/null/info,alfamart/status/null/info,alfamart/status/null/info,alfamart/status/anu/info,alfamart/status/Illank/info","level":"info"}
{"timestamp":"2018-02-21 15:08:53","message":"Server Running on PORT 8000","level":"info"}
{"timestamp":"2018-02-21 15:08:53","message":"Server Running on PORT 8000","level":"info"}
{"timestamp":"2018-02-21 15:08:53","message":"Server Running on PORT 8000","level":"info"}
{"timestamp":"2018-02-21 15:08:53","message":"Server Running on PORT 8000","level":"info"}
{"timestamp":"2018-02-21 15:08:53","message":"Subscribe to all topics: yes@test123,alfamart/status/null/info,alfamart/status/null/info,alfamart/status/null/info,alfamart/status/anu/info,alfamart/status/Illank/info","level":"info"}
{"timestamp":"2018-02-21 15:10:08","message":"Server Running on PORT 8000","level":"info"}
{"timestamp":"2018-02-21 15:10:08","message":"Server Running on PORT 8000","level":"info"}
{"timestamp":"2018-02-21 15:10:08","message":"Server Running on PORT 8000","level":"info"}
{"timestamp":"2018-02-21 15:10:08","message":"Server Running on PORT 8000","level":"info"}
{"timestamp":"2018-02-21 15:10:09","message":"Subscribe to all topics: yes@test123,alfamart/status/null/info,alfamart/status/null/info,alfamart/status/null/info,alfamart/status/anu/info,alfamart/status/Illank/info","level":"info"}
{"timestamp":"2018-02-21 15:11:29","message":"Server Running on PORT 8000","level":"info"}
{"timestamp":"2018-02-21 15:11:29","message":"Server Running on PORT 8000","level":"info"}
{"timestamp":"2018-02-21 15:11:29","message":"Server Running on PORT 8000","level":"info"}
{"timestamp":"2018-02-21 15:11:29","message":"Server Running on PORT 8000","level":"info"}
{"timestamp":"2018-02-21 15:11:30","message":"Subscribe to all topics: yes@test123,alfamart/status/null/info,alfamart/status/null/info,alfamart/status/null/info,alfamart/status/anu/info,alfamart/status/Illank/info","level":"info"}
{"timestamp":"2018-02-21 15:11:42","message":"Server Running on PORT 8000","level":"info"}
{"timestamp":"2018-02-21 15:11:42","message":"Server Running on PORT 8000","level":"info"}
{"timestamp":"2018-02-21 15:11:42","message":"Server Running on PORT 8000","level":"info"}
{"timestamp":"2018-02-21 15:11:42","message":"Server Running on PORT 8000","level":"info"}
{"timestamp":"2018-02-21 15:11:43","message":"Subscribe to all topics: yes@test123,alfamart/status/null/info,alfamart/status/null/info,alfamart/status/null/info,alfamart/status/anu/info,alfamart/status/Illank/info","level":"info"}
